
*** Running vivado
    with args -log design_1_nn_axi_0_1.vds -m64 -product Vivado -mode batch -messageDb vivado.pb -notrace -source design_1_nn_axi_0_1.tcl

The system cannot find the file specified.

****** Vivado v2016.4 (64-bit)
  **** SW Build 1756540 on Mon Jan 23 19:11:23 MST 2017
  **** IP Build 1755317 on Mon Jan 23 20:30:07 MST 2017
    ** Copyright 1986-2016 Xilinx, Inc. All Rights Reserved.

source design_1_nn_axi_0_1.tcl -notrace
Command: synth_design -top design_1_nn_axi_0_1 -part xc7z020clg484-1 -mode out_of_context
Starting synth_design
Attempting to get a license for feature 'Synthesis' and/or device 'xc7z020'
INFO: [Common 17-349] Got license for feature 'Synthesis' and/or device 'xc7z020'
INFO: Launching helper process for spawning children vivado processes
INFO: Helper process launched with PID 80816 
The system cannot find the file specified.
---------------------------------------------------------------------------------
Starting RTL Elaboration : Time (s): cpu = 00:00:07 ; elapsed = 00:00:08 . Memory (MB): peak = 291.625 ; gain = 82.266
---------------------------------------------------------------------------------
INFO: [Synth 8-638] synthesizing module 'design_1_nn_axi_0_1' [c:/NN-Project/nn_base/nn_base.srcs/sources_1/bd/design_1/ip/design_1_nn_axi_0_1/synth/design_1_nn_axi_0_1.vhd:85]
	Parameter C_S00_AXI_DATA_WIDTH bound to: 32 - type: integer 
	Parameter C_S00_AXI_ADDR_WIDTH bound to: 20 - type: integer 
INFO: [Synth 8-3491] module 'nn_axi_v1_0' declared at 'c:/NN-Project/nn_base/nn_base.srcs/sources_1/bd/design_1/ipshared/da5d/hdl/nn_axi_v1_0.vhd:5' bound to instance 'U0' of component 'nn_axi_v1_0' [c:/NN-Project/nn_base/nn_base.srcs/sources_1/bd/design_1/ip/design_1_nn_axi_0_1/synth/design_1_nn_axi_0_1.vhd:146]
INFO: [Synth 8-638] synthesizing module 'nn_axi_v1_0' [c:/NN-Project/nn_base/nn_base.srcs/sources_1/bd/design_1/ipshared/da5d/hdl/nn_axi_v1_0.vhd:49]
	Parameter C_S00_AXI_DATA_WIDTH bound to: 32 - type: integer 
	Parameter C_S00_AXI_ADDR_WIDTH bound to: 20 - type: integer 
	Parameter C_S_AXI_DATA_WIDTH bound to: 32 - type: integer 
	Parameter C_S_AXI_ADDR_WIDTH bound to: 20 - type: integer 
INFO: [Synth 8-3491] module 'nn_axi_v1_0_S00_AXI' declared at 'c:/NN-Project/nn_base/nn_base.srcs/sources_1/bd/design_1/ipshared/da5d/hdl/nn_axi_v1_0_S00_AXI.vhd:5' bound to instance 'nn_axi_v1_0_S00_AXI_inst' of component 'nn_axi_v1_0_S00_AXI' [c:/NN-Project/nn_base/nn_base.srcs/sources_1/bd/design_1/ipshared/da5d/hdl/nn_axi_v1_0.vhd:85]
INFO: [Synth 8-638] synthesizing module 'nn_axi_v1_0_S00_AXI' [c:/NN-Project/nn_base/nn_base.srcs/sources_1/bd/design_1/ipshared/da5d/hdl/nn_axi_v1_0_S00_AXI.vhd:86]
	Parameter C_S_AXI_DATA_WIDTH bound to: 32 - type: integer 
	Parameter C_S_AXI_ADDR_WIDTH bound to: 20 - type: integer 
INFO: [Synth 8-3491] module 'user_app' declared at 'c:/NN-Project/nn_base/nn_base.srcs/sources_1/bd/design_1/HDL/user_app/user_app.vhd:6' bound to instance 'U_USER_APP' of component 'user_app' [c:/NN-Project/nn_base/nn_base.srcs/sources_1/bd/design_1/ipshared/da5d/hdl/nn_axi_v1_0_S00_AXI.vhd:333]
INFO: [Synth 8-638] synthesizing module 'user_app' [c:/NN-Project/nn_base/nn_base.srcs/sources_1/bd/design_1/HDL/user_app/user_app.vhd:21]
INFO: [Synth 8-638] synthesizing module 'mem_map' [c:/NN-Project/nn_base/nn_base.srcs/sources_1/bd/design_1/HDL/user_app/mem_map.vhd:35]
INFO: [Synth 8-256] done synthesizing module 'mem_map' (1#1) [c:/NN-Project/nn_base/nn_base.srcs/sources_1/bd/design_1/HDL/user_app/mem_map.vhd:35]
INFO: [Synth 8-3491] module 'nn_wrapper' declared at 'c:/NN-Project/nn_base/nn_base.srcs/sources_1/bd/design_1/HDL/nn_dp/nn_wrapper.vhd:10' bound to instance 'U_NN' of component 'nn_wrapper' [c:/NN-Project/nn_base/nn_base.srcs/sources_1/bd/design_1/HDL/user_app/user_app.vhd:95]
INFO: [Synth 8-638] synthesizing module 'nn_wrapper' [c:/NN-Project/nn_base/nn_base.srcs/sources_1/bd/design_1/HDL/nn_dp/nn_wrapper.vhd:26]
INFO: [Synth 8-3491] module 'neural_network_top' declared at 'c:/NN-Project/nn_base/nn_base.srcs/sources_1/bd/design_1/HDL/nn_dp/neural_network_top.vhd:10' bound to instance 'nn' of component 'neural_network_top' [c:/NN-Project/nn_base/nn_base.srcs/sources_1/bd/design_1/HDL/nn_dp/nn_wrapper.vhd:96]
INFO: [Synth 8-638] synthesizing module 'neural_network_top' [c:/NN-Project/nn_base/nn_base.srcs/sources_1/bd/design_1/HDL/nn_dp/neural_network_top.vhd:76]
	Parameter num_inputs bound to: 4 - type: integer 
	Parameter num_hid bound to: 4 - type: integer 
	Parameter num_outputs bound to: 3 - type: integer 
INFO: [Synth 8-3491] module 'neural_network' declared at 'c:/NN-Project/nn_base/nn_base.srcs/sources_1/bd/design_1/HDL/nn_dp/neural_network.vhd:10' bound to instance 'neu' of component 'neural_network' [c:/NN-Project/nn_base/nn_base.srcs/sources_1/bd/design_1/HDL/nn_dp/neural_network_top.vhd:164]
INFO: [Synth 8-638] synthesizing module 'neural_network' [c:/NN-Project/nn_base/nn_base.srcs/sources_1/bd/design_1/HDL/nn_dp/neural_network.vhd:30]
	Parameter num_inputs bound to: 4 - type: integer 
	Parameter num_hid bound to: 4 - type: integer 
	Parameter num_outputs bound to: 3 - type: integer 
	Parameter num_inputs bound to: 4 - type: integer 
	Parameter num_outputs bound to: 4 - type: integer 
INFO: [Synth 8-3491] module 'hidden_layer' declared at 'c:/NN-Project/nn_base/nn_base.srcs/sources_1/bd/design_1/HDL/nn_dp/hidden_layer.vhd:10' bound to instance 'hid_layer' of component 'hidden_layer' [c:/NN-Project/nn_base/nn_base.srcs/sources_1/bd/design_1/HDL/nn_dp/neural_network.vhd:67]
INFO: [Synth 8-638] synthesizing module 'hidden_layer' [c:/NN-Project/nn_base/nn_base.srcs/sources_1/bd/design_1/HDL/nn_dp/hidden_layer.vhd:25]
	Parameter num_inputs bound to: 4 - type: integer 
	Parameter num_outputs bound to: 4 - type: integer 
	Parameter in_size bound to: 4 - type: integer 
INFO: [Synth 8-3491] module 'neuron' declared at 'c:/NN-Project/nn_base/nn_base.srcs/sources_1/bd/design_1/HDL/nn_dp/neuron.vhd:10' bound to instance 'neu' of component 'neuron' [c:/NN-Project/nn_base/nn_base.srcs/sources_1/bd/design_1/HDL/nn_dp/hidden_layer.vhd:42]
INFO: [Synth 8-638] synthesizing module 'neuron' [c:/NN-Project/nn_base/nn_base.srcs/sources_1/bd/design_1/HDL/nn_dp/neuron.vhd:23]
	Parameter in_size bound to: 4 - type: integer 
	Parameter input_size bound to: 4 - type: integer 
INFO: [Synth 8-3491] module 'MAC' declared at 'c:/NN-Project/nn_base/nn_base.srcs/sources_1/bd/design_1/HDL/nn_dp/MAC.vhd:10' bound to instance 'MC' of component 'MAC' [c:/NN-Project/nn_base/nn_base.srcs/sources_1/bd/design_1/HDL/nn_dp/neuron.vhd:45]
INFO: [Synth 8-638] synthesizing module 'MAC' [c:/NN-Project/nn_base/nn_base.srcs/sources_1/bd/design_1/HDL/nn_dp/MAC.vhd:19]
	Parameter input_size bound to: 4 - type: integer 
INFO: [Synth 8-256] done synthesizing module 'MAC' (2#1) [c:/NN-Project/nn_base/nn_base.srcs/sources_1/bd/design_1/HDL/nn_dp/MAC.vhd:19]
INFO: [Synth 8-3491] module 'sigmablock' declared at 'c:/NN-Project/nn_base/nn_base.srcs/sources_1/bd/design_1/HDL/nn_dp/sigmablock.vhd:11' bound to instance 'sig' of component 'sigmablock' [c:/NN-Project/nn_base/nn_base.srcs/sources_1/bd/design_1/HDL/nn_dp/neuron.vhd:47]
INFO: [Synth 8-638] synthesizing module 'sigmablock' [c:/NN-Project/nn_base/nn_base.srcs/sources_1/bd/design_1/HDL/nn_dp/sigmablock.vhd:19]
INFO: [Synth 8-3491] module 'absfixed' declared at 'c:/NN-Project/nn_base/nn_base.srcs/sources_1/bd/design_1/HDL/nn_dp/absfixed.vhd:11' bound to instance 'abso' of component 'absfixed' [c:/NN-Project/nn_base/nn_base.srcs/sources_1/bd/design_1/HDL/nn_dp/sigmablock.vhd:30]
INFO: [Synth 8-638] synthesizing module 'absfixed' [c:/NN-Project/nn_base/nn_base.srcs/sources_1/bd/design_1/HDL/nn_dp/absfixed.vhd:18]
INFO: [Synth 8-256] done synthesizing module 'absfixed' (3#1) [c:/NN-Project/nn_base/nn_base.srcs/sources_1/bd/design_1/HDL/nn_dp/absfixed.vhd:18]
INFO: [Synth 8-256] done synthesizing module 'sigmablock' (4#1) [c:/NN-Project/nn_base/nn_base.srcs/sources_1/bd/design_1/HDL/nn_dp/sigmablock.vhd:19]
INFO: [Synth 8-256] done synthesizing module 'neuron' (5#1) [c:/NN-Project/nn_base/nn_base.srcs/sources_1/bd/design_1/HDL/nn_dp/neuron.vhd:23]
	Parameter in_size bound to: 4 - type: integer 
INFO: [Synth 8-3491] module 'neuron' declared at 'c:/NN-Project/nn_base/nn_base.srcs/sources_1/bd/design_1/HDL/nn_dp/neuron.vhd:10' bound to instance 'neu' of component 'neuron' [c:/NN-Project/nn_base/nn_base.srcs/sources_1/bd/design_1/HDL/nn_dp/hidden_layer.vhd:42]
	Parameter in_size bound to: 4 - type: integer 
INFO: [Synth 8-3491] module 'neuron' declared at 'c:/NN-Project/nn_base/nn_base.srcs/sources_1/bd/design_1/HDL/nn_dp/neuron.vhd:10' bound to instance 'neu' of component 'neuron' [c:/NN-Project/nn_base/nn_base.srcs/sources_1/bd/design_1/HDL/nn_dp/hidden_layer.vhd:42]
	Parameter in_size bound to: 4 - type: integer 
INFO: [Synth 8-3491] module 'neuron' declared at 'c:/NN-Project/nn_base/nn_base.srcs/sources_1/bd/design_1/HDL/nn_dp/neuron.vhd:10' bound to instance 'neu' of component 'neuron' [c:/NN-Project/nn_base/nn_base.srcs/sources_1/bd/design_1/HDL/nn_dp/hidden_layer.vhd:42]
INFO: [Synth 8-256] done synthesizing module 'hidden_layer' (6#1) [c:/NN-Project/nn_base/nn_base.srcs/sources_1/bd/design_1/HDL/nn_dp/hidden_layer.vhd:25]
	Parameter num_inputs bound to: 4 - type: integer 
	Parameter num_outputs bound to: 3 - type: integer 
INFO: [Synth 8-3491] module 'neural_layer' declared at 'c:/NN-Project/nn_base/nn_base.srcs/sources_1/bd/design_1/HDL/nn_dp/neural_layer.vhd:10' bound to instance 'out_layer' of component 'neural_layer' [c:/NN-Project/nn_base/nn_base.srcs/sources_1/bd/design_1/HDL/nn_dp/neural_network.vhd:70]
INFO: [Synth 8-638] synthesizing module 'neural_layer' [c:/NN-Project/nn_base/nn_base.srcs/sources_1/bd/design_1/HDL/nn_dp/neural_layer.vhd:25]
	Parameter num_inputs bound to: 4 - type: integer 
	Parameter num_outputs bound to: 3 - type: integer 
	Parameter in_size bound to: 4 - type: integer 
INFO: [Synth 8-3491] module 'neuron' declared at 'c:/NN-Project/nn_base/nn_base.srcs/sources_1/bd/design_1/HDL/nn_dp/neuron.vhd:10' bound to instance 'neu' of component 'neuron' [c:/NN-Project/nn_base/nn_base.srcs/sources_1/bd/design_1/HDL/nn_dp/neural_layer.vhd:42]
	Parameter in_size bound to: 4 - type: integer 
INFO: [Synth 8-3491] module 'neuron' declared at 'c:/NN-Project/nn_base/nn_base.srcs/sources_1/bd/design_1/HDL/nn_dp/neuron.vhd:10' bound to instance 'neu' of component 'neuron' [c:/NN-Project/nn_base/nn_base.srcs/sources_1/bd/design_1/HDL/nn_dp/neural_layer.vhd:42]
	Parameter in_size bound to: 4 - type: integer 
INFO: [Synth 8-3491] module 'neuron' declared at 'c:/NN-Project/nn_base/nn_base.srcs/sources_1/bd/design_1/HDL/nn_dp/neuron.vhd:10' bound to instance 'neu' of component 'neuron' [c:/NN-Project/nn_base/nn_base.srcs/sources_1/bd/design_1/HDL/nn_dp/neural_layer.vhd:42]
INFO: [Synth 8-256] done synthesizing module 'neural_layer' (7#1) [c:/NN-Project/nn_base/nn_base.srcs/sources_1/bd/design_1/HDL/nn_dp/neural_layer.vhd:25]
INFO: [Synth 8-256] done synthesizing module 'neural_network' (8#1) [c:/NN-Project/nn_base/nn_base.srcs/sources_1/bd/design_1/HDL/nn_dp/neural_network.vhd:30]
INFO: [Synth 8-256] done synthesizing module 'neural_network_top' (9#1) [c:/NN-Project/nn_base/nn_base.srcs/sources_1/bd/design_1/HDL/nn_dp/neural_network_top.vhd:76]
INFO: [Synth 8-256] done synthesizing module 'nn_wrapper' (10#1) [c:/NN-Project/nn_base/nn_base.srcs/sources_1/bd/design_1/HDL/nn_dp/nn_wrapper.vhd:26]
WARNING: [Synth 8-3848] Net result in module/entity user_app does not have driver. [c:/NN-Project/nn_base/nn_base.srcs/sources_1/bd/design_1/HDL/user_app/user_app.vhd:29]
WARNING: [Synth 8-3848] Net done in module/entity user_app does not have driver. [c:/NN-Project/nn_base/nn_base.srcs/sources_1/bd/design_1/HDL/user_app/user_app.vhd:30]
WARNING: [Synth 8-3848] Net memtest_out_data in module/entity user_app does not have driver. [c:/NN-Project/nn_base/nn_base.srcs/sources_1/bd/design_1/HDL/user_app/user_app.vhd:36]
INFO: [Synth 8-256] done synthesizing module 'user_app' (11#1) [c:/NN-Project/nn_base/nn_base.srcs/sources_1/bd/design_1/HDL/user_app/user_app.vhd:21]
INFO: [Synth 8-256] done synthesizing module 'nn_axi_v1_0_S00_AXI' (12#1) [c:/NN-Project/nn_base/nn_base.srcs/sources_1/bd/design_1/ipshared/da5d/hdl/nn_axi_v1_0_S00_AXI.vhd:86]
INFO: [Synth 8-256] done synthesizing module 'nn_axi_v1_0' (13#1) [c:/NN-Project/nn_base/nn_base.srcs/sources_1/bd/design_1/ipshared/da5d/hdl/nn_axi_v1_0.vhd:49]
INFO: [Synth 8-256] done synthesizing module 'design_1_nn_axi_0_1' (14#1) [c:/NN-Project/nn_base/nn_base.srcs/sources_1/bd/design_1/ip/design_1_nn_axi_0_1/synth/design_1_nn_axi_0_1.vhd:85]
WARNING: [Synth 8-3331] design mem_map has unconnected port result[2]
WARNING: [Synth 8-3331] design mem_map has unconnected port result[1]
WARNING: [Synth 8-3331] design mem_map has unconnected port result[0]
WARNING: [Synth 8-3331] design mem_map has unconnected port done
WARNING: [Synth 8-3331] design nn_axi_v1_0_S00_AXI has unconnected port S_AXI_AWPROT[2]
WARNING: [Synth 8-3331] design nn_axi_v1_0_S00_AXI has unconnected port S_AXI_AWPROT[1]
WARNING: [Synth 8-3331] design nn_axi_v1_0_S00_AXI has unconnected port S_AXI_AWPROT[0]
WARNING: [Synth 8-3331] design nn_axi_v1_0_S00_AXI has unconnected port S_AXI_WSTRB[3]
WARNING: [Synth 8-3331] design nn_axi_v1_0_S00_AXI has unconnected port S_AXI_WSTRB[2]
WARNING: [Synth 8-3331] design nn_axi_v1_0_S00_AXI has unconnected port S_AXI_WSTRB[1]
WARNING: [Synth 8-3331] design nn_axi_v1_0_S00_AXI has unconnected port S_AXI_WSTRB[0]
WARNING: [Synth 8-3331] design nn_axi_v1_0_S00_AXI has unconnected port S_AXI_ARADDR[1]
WARNING: [Synth 8-3331] design nn_axi_v1_0_S00_AXI has unconnected port S_AXI_ARADDR[0]
WARNING: [Synth 8-3331] design nn_axi_v1_0_S00_AXI has unconnected port S_AXI_ARPROT[2]
WARNING: [Synth 8-3331] design nn_axi_v1_0_S00_AXI has unconnected port S_AXI_ARPROT[1]
WARNING: [Synth 8-3331] design nn_axi_v1_0_S00_AXI has unconnected port S_AXI_ARPROT[0]
---------------------------------------------------------------------------------
Finished RTL Elaboration : Time (s): cpu = 00:00:09 ; elapsed = 00:00:11 . Memory (MB): peak = 332.063 ; gain = 122.703
---------------------------------------------------------------------------------

Report Check Netlist: 
+------+------------------+-------+---------+-------+------------------+
|      |Item              |Errors |Warnings |Status |Description       |
+------+------------------+-------+---------+-------+------------------+
|1     |multi_driven_nets |      0|        0|Passed |Multi driven nets |
+------+------------------+-------+---------+-------+------------------+
WARNING: [Synth 8-3295] tying undriven pin U_MEM_MAP:memtest_out_data[31] to constant 0 [c:/NN-Project/nn_base/nn_base.srcs/sources_1/bd/design_1/HDL/user_app/user_app.vhd:67]
WARNING: [Synth 8-3295] tying undriven pin U_MEM_MAP:memtest_out_data[30] to constant 0 [c:/NN-Project/nn_base/nn_base.srcs/sources_1/bd/design_1/HDL/user_app/user_app.vhd:67]
WARNING: [Synth 8-3295] tying undriven pin U_MEM_MAP:memtest_out_data[29] to constant 0 [c:/NN-Project/nn_base/nn_base.srcs/sources_1/bd/design_1/HDL/user_app/user_app.vhd:67]
WARNING: [Synth 8-3295] tying undriven pin U_MEM_MAP:memtest_out_data[28] to constant 0 [c:/NN-Project/nn_base/nn_base.srcs/sources_1/bd/design_1/HDL/user_app/user_app.vhd:67]
WARNING: [Synth 8-3295] tying undriven pin U_MEM_MAP:memtest_out_data[27] to constant 0 [c:/NN-Project/nn_base/nn_base.srcs/sources_1/bd/design_1/HDL/user_app/user_app.vhd:67]
WARNING: [Synth 8-3295] tying undriven pin U_MEM_MAP:memtest_out_data[26] to constant 0 [c:/NN-Project/nn_base/nn_base.srcs/sources_1/bd/design_1/HDL/user_app/user_app.vhd:67]
WARNING: [Synth 8-3295] tying undriven pin U_MEM_MAP:memtest_out_data[25] to constant 0 [c:/NN-Project/nn_base/nn_base.srcs/sources_1/bd/design_1/HDL/user_app/user_app.vhd:67]
WARNING: [Synth 8-3295] tying undriven pin U_MEM_MAP:memtest_out_data[24] to constant 0 [c:/NN-Project/nn_base/nn_base.srcs/sources_1/bd/design_1/HDL/user_app/user_app.vhd:67]
WARNING: [Synth 8-3295] tying undriven pin U_MEM_MAP:memtest_out_data[23] to constant 0 [c:/NN-Project/nn_base/nn_base.srcs/sources_1/bd/design_1/HDL/user_app/user_app.vhd:67]
WARNING: [Synth 8-3295] tying undriven pin U_MEM_MAP:memtest_out_data[22] to constant 0 [c:/NN-Project/nn_base/nn_base.srcs/sources_1/bd/design_1/HDL/user_app/user_app.vhd:67]
WARNING: [Synth 8-3295] tying undriven pin U_MEM_MAP:memtest_out_data[21] to constant 0 [c:/NN-Project/nn_base/nn_base.srcs/sources_1/bd/design_1/HDL/user_app/user_app.vhd:67]
WARNING: [Synth 8-3295] tying undriven pin U_MEM_MAP:memtest_out_data[20] to constant 0 [c:/NN-Project/nn_base/nn_base.srcs/sources_1/bd/design_1/HDL/user_app/user_app.vhd:67]
WARNING: [Synth 8-3295] tying undriven pin U_MEM_MAP:memtest_out_data[19] to constant 0 [c:/NN-Project/nn_base/nn_base.srcs/sources_1/bd/design_1/HDL/user_app/user_app.vhd:67]
WARNING: [Synth 8-3295] tying undriven pin U_MEM_MAP:memtest_out_data[18] to constant 0 [c:/NN-Project/nn_base/nn_base.srcs/sources_1/bd/design_1/HDL/user_app/user_app.vhd:67]
WARNING: [Synth 8-3295] tying undriven pin U_MEM_MAP:memtest_out_data[17] to constant 0 [c:/NN-Project/nn_base/nn_base.srcs/sources_1/bd/design_1/HDL/user_app/user_app.vhd:67]
WARNING: [Synth 8-3295] tying undriven pin U_MEM_MAP:memtest_out_data[16] to constant 0 [c:/NN-Project/nn_base/nn_base.srcs/sources_1/bd/design_1/HDL/user_app/user_app.vhd:67]
WARNING: [Synth 8-3295] tying undriven pin U_MEM_MAP:memtest_out_data[15] to constant 0 [c:/NN-Project/nn_base/nn_base.srcs/sources_1/bd/design_1/HDL/user_app/user_app.vhd:67]
WARNING: [Synth 8-3295] tying undriven pin U_MEM_MAP:memtest_out_data[14] to constant 0 [c:/NN-Project/nn_base/nn_base.srcs/sources_1/bd/design_1/HDL/user_app/user_app.vhd:67]
WARNING: [Synth 8-3295] tying undriven pin U_MEM_MAP:memtest_out_data[13] to constant 0 [c:/NN-Project/nn_base/nn_base.srcs/sources_1/bd/design_1/HDL/user_app/user_app.vhd:67]
WARNING: [Synth 8-3295] tying undriven pin U_MEM_MAP:memtest_out_data[12] to constant 0 [c:/NN-Project/nn_base/nn_base.srcs/sources_1/bd/design_1/HDL/user_app/user_app.vhd:67]
WARNING: [Synth 8-3295] tying undriven pin U_MEM_MAP:memtest_out_data[11] to constant 0 [c:/NN-Project/nn_base/nn_base.srcs/sources_1/bd/design_1/HDL/user_app/user_app.vhd:67]
WARNING: [Synth 8-3295] tying undriven pin U_MEM_MAP:memtest_out_data[10] to constant 0 [c:/NN-Project/nn_base/nn_base.srcs/sources_1/bd/design_1/HDL/user_app/user_app.vhd:67]
WARNING: [Synth 8-3295] tying undriven pin U_MEM_MAP:memtest_out_data[9] to constant 0 [c:/NN-Project/nn_base/nn_base.srcs/sources_1/bd/design_1/HDL/user_app/user_app.vhd:67]
WARNING: [Synth 8-3295] tying undriven pin U_MEM_MAP:memtest_out_data[8] to constant 0 [c:/NN-Project/nn_base/nn_base.srcs/sources_1/bd/design_1/HDL/user_app/user_app.vhd:67]
WARNING: [Synth 8-3295] tying undriven pin U_MEM_MAP:memtest_out_data[7] to constant 0 [c:/NN-Project/nn_base/nn_base.srcs/sources_1/bd/design_1/HDL/user_app/user_app.vhd:67]
WARNING: [Synth 8-3295] tying undriven pin U_MEM_MAP:memtest_out_data[6] to constant 0 [c:/NN-Project/nn_base/nn_base.srcs/sources_1/bd/design_1/HDL/user_app/user_app.vhd:67]
WARNING: [Synth 8-3295] tying undriven pin U_MEM_MAP:memtest_out_data[5] to constant 0 [c:/NN-Project/nn_base/nn_base.srcs/sources_1/bd/design_1/HDL/user_app/user_app.vhd:67]
WARNING: [Synth 8-3295] tying undriven pin U_MEM_MAP:memtest_out_data[4] to constant 0 [c:/NN-Project/nn_base/nn_base.srcs/sources_1/bd/design_1/HDL/user_app/user_app.vhd:67]
WARNING: [Synth 8-3295] tying undriven pin U_MEM_MAP:memtest_out_data[3] to constant 0 [c:/NN-Project/nn_base/nn_base.srcs/sources_1/bd/design_1/HDL/user_app/user_app.vhd:67]
WARNING: [Synth 8-3295] tying undriven pin U_MEM_MAP:memtest_out_data[2] to constant 0 [c:/NN-Project/nn_base/nn_base.srcs/sources_1/bd/design_1/HDL/user_app/user_app.vhd:67]
WARNING: [Synth 8-3295] tying undriven pin U_MEM_MAP:memtest_out_data[1] to constant 0 [c:/NN-Project/nn_base/nn_base.srcs/sources_1/bd/design_1/HDL/user_app/user_app.vhd:67]
WARNING: [Synth 8-3295] tying undriven pin U_MEM_MAP:memtest_out_data[0] to constant 0 [c:/NN-Project/nn_base/nn_base.srcs/sources_1/bd/design_1/HDL/user_app/user_app.vhd:67]
---------------------------------------------------------------------------------
Finished RTL Optimization Phase 1 : Time (s): cpu = 00:00:09 ; elapsed = 00:00:11 . Memory (MB): peak = 332.063 ; gain = 122.703
---------------------------------------------------------------------------------
INFO: [Device 21-403] Loading part xc7z020clg484-1
INFO: [Project 1-570] Preparing netlist for logic optimization

Processing XDC Constraints
Initializing timing engine
Completed Processing XDC Constraints

INFO: [Project 1-111] Unisim Transformation Summary:
No Unisim elements were transformed.

Constraint Validation Runtime : Time (s): cpu = 00:00:00 ; elapsed = 00:00:00.400 . Memory (MB): peak = 653.031 ; gain = 3.188
---------------------------------------------------------------------------------
Finished Constraint Validation : Time (s): cpu = 00:00:21 ; elapsed = 00:00:24 . Memory (MB): peak = 653.031 ; gain = 443.672
---------------------------------------------------------------------------------
---------------------------------------------------------------------------------
Start Loading Part and Timing Information
---------------------------------------------------------------------------------
Loading part: xc7z020clg484-1
---------------------------------------------------------------------------------
Finished Loading Part and Timing Information : Time (s): cpu = 00:00:21 ; elapsed = 00:00:24 . Memory (MB): peak = 653.031 ; gain = 443.672
---------------------------------------------------------------------------------
---------------------------------------------------------------------------------
Start Applying 'set_property' XDC Constraints
---------------------------------------------------------------------------------
---------------------------------------------------------------------------------
Finished applying 'set_property' XDC Constraints : Time (s): cpu = 00:00:21 ; elapsed = 00:00:24 . Memory (MB): peak = 653.031 ; gain = 443.672
---------------------------------------------------------------------------------
WARNING: [Synth 8-327] inferring latch for variable 'go_epoch_reg' [c:/NN-Project/nn_base/nn_base.srcs/sources_1/bd/design_1/HDL/user_app/mem_map.vhd:44]
WARNING: [Synth 8-327] inferring latch for variable 'epoch_size_reg' [c:/NN-Project/nn_base/nn_base.srcs/sources_1/bd/design_1/HDL/user_app/mem_map.vhd:45]
---------------------------------------------------------------------------------
Finished RTL Optimization Phase 2 : Time (s): cpu = 00:00:22 ; elapsed = 00:00:25 . Memory (MB): peak = 653.031 ; gain = 443.672
---------------------------------------------------------------------------------

Report RTL Partitions: 
+------+-------------------------+------------+----------+
|      |RTL Partition            |Replication |Instances |
+------+-------------------------+------------+----------+
|1     |neuron                   |           7|     16639|
|2     |neural_network__GC0      |           1|       176|
|3     |mem_map                  |           1|      1059|
|4     |nn_axi_v1_0_S00_AXI__GC0 |           1|        86|
+------+-------------------------+------------+----------+
---------------------------------------------------------------------------------
Start RTL Component Statistics 
---------------------------------------------------------------------------------
Detailed RTL Component Info : 
+---Adders : 
	   2 Input     53 Bit       Adders := 7     
	   2 Input     52 Bit       Adders := 14    
	   2 Input     50 Bit       Adders := 14    
	   2 Input     49 Bit       Adders := 7     
	   2 Input     34 Bit       Adders := 7     
	   2 Input     17 Bit       Adders := 42    
	   4 Input     16 Bit       Adders := 7     
+---Registers : 
	               32 Bit    Registers := 3     
	               20 Bit    Registers := 1     
	               18 Bit    Registers := 2     
	               16 Bit    Registers := 11    
	                2 Bit    Registers := 2     
	                1 Bit    Registers := 6     
+---Muxes : 
	   2 Input     53 Bit        Muxes := 7     
	   2 Input     52 Bit        Muxes := 14    
	   2 Input     50 Bit        Muxes := 14    
	   2 Input     49 Bit        Muxes := 14    
	   2 Input     34 Bit        Muxes := 7     
	   4 Input     32 Bit        Muxes := 1     
	   2 Input     32 Bit        Muxes := 2     
	   2 Input     18 Bit        Muxes := 1     
	   2 Input     17 Bit        Muxes := 7     
	   2 Input     16 Bit        Muxes := 196   
	   3 Input     16 Bit        Muxes := 21    
	   2 Input      1 Bit        Muxes := 27    
	   4 Input      1 Bit        Muxes := 2     
---------------------------------------------------------------------------------
Finished RTL Component Statistics 
---------------------------------------------------------------------------------
---------------------------------------------------------------------------------
Start RTL Hierarchical Component Statistics 
---------------------------------------------------------------------------------
Hierarchical RTL Component report 
Module mem_map 
Detailed RTL Component Info : 
+---Registers : 
	               32 Bit    Registers := 2     
	               18 Bit    Registers := 2     
	                1 Bit    Registers := 1     
+---Muxes : 
	   4 Input     32 Bit        Muxes := 1     
	   2 Input     32 Bit        Muxes := 2     
	   2 Input     18 Bit        Muxes := 1     
	   2 Input      1 Bit        Muxes := 2     
	   4 Input      1 Bit        Muxes := 2     
Module MAC 
Detailed RTL Component Info : 
+---Adders : 
	   4 Input     16 Bit       Adders := 1     
Module absfixed 
Detailed RTL Component Info : 
+---Adders : 
	   2 Input     17 Bit       Adders := 1     
+---Muxes : 
	   2 Input     16 Bit        Muxes := 9     
	   3 Input     16 Bit        Muxes := 1     
	   2 Input      1 Bit        Muxes := 1     
Module sigmablock 
Detailed RTL Component Info : 
+---Adders : 
	   2 Input     53 Bit       Adders := 1     
	   2 Input     52 Bit       Adders := 2     
	   2 Input     50 Bit       Adders := 2     
	   2 Input     49 Bit       Adders := 1     
	   2 Input     34 Bit       Adders := 1     
	   2 Input     17 Bit       Adders := 4     
+---Muxes : 
	   2 Input     53 Bit        Muxes := 1     
	   2 Input     52 Bit        Muxes := 2     
	   2 Input     50 Bit        Muxes := 2     
	   2 Input     49 Bit        Muxes := 2     
	   2 Input     34 Bit        Muxes := 1     
	   2 Input     17 Bit        Muxes := 1     
	   2 Input     16 Bit        Muxes := 16    
	   3 Input     16 Bit        Muxes := 2     
	   2 Input      1 Bit        Muxes := 2     
Module neuron 
Detailed RTL Component Info : 
+---Adders : 
	   2 Input     17 Bit       Adders := 1     
+---Muxes : 
	   2 Input     16 Bit        Muxes := 3     
Module neural_network 
Detailed RTL Component Info : 
+---Registers : 
	               16 Bit    Registers := 11    
Module nn_axi_v1_0_S00_AXI 
Detailed RTL Component Info : 
+---Registers : 
	               32 Bit    Registers := 1     
	               20 Bit    Registers := 1     
	                2 Bit    Registers := 2     
	                1 Bit    Registers := 5     
+---Muxes : 
	   2 Input      1 Bit        Muxes := 4     
---------------------------------------------------------------------------------
Finished RTL Hierarchical Component Statistics
---------------------------------------------------------------------------------
---------------------------------------------------------------------------------
Start Part Resource Summary
---------------------------------------------------------------------------------
Part Resources:
DSPs: 220 (col length:60)
BRAMs: 280 (col length: RAMB18 60 RAMB36 30)
---------------------------------------------------------------------------------
Finished Part Resource Summary
---------------------------------------------------------------------------------
---------------------------------------------------------------------------------
Start Cross Boundary and Area Optimization
---------------------------------------------------------------------------------
DSP Report: Generating DSP arg, operation Mode is: A*B.
DSP Report: operator arg is absorbed into DSP arg.
INFO: [Synth 8-41] '+' operator could not be merged with '+' operator due to loss of accuracy [c:/NN-Project/nn_base/nn_base.srcs/sources_1/bd/design_1/HDL/nn_dp/lib/fixed_pkg_c.vhd:2418]
DSP Report: Generating DSP MC/arg, operation Mode is: A*B.
DSP Report: operator MC/arg is absorbed into DSP MC/arg.
DSP Report: Generating DSP MC/arg, operation Mode is: A*B.
DSP Report: operator MC/arg is absorbed into DSP MC/arg.
DSP Report: Generating DSP MC/arg, operation Mode is: A*B.
DSP Report: operator MC/arg is absorbed into DSP MC/arg.
DSP Report: Generating DSP MC/arg, operation Mode is: A*B.
DSP Report: operator MC/arg is absorbed into DSP MC/arg.
WARNING: [Synth 8-3331] design design_1_nn_axi_0_1 has unconnected port s00_axi_awprot[2]
WARNING: [Synth 8-3331] design design_1_nn_axi_0_1 has unconnected port s00_axi_awprot[1]
WARNING: [Synth 8-3331] design design_1_nn_axi_0_1 has unconnected port s00_axi_awprot[0]
WARNING: [Synth 8-3331] design design_1_nn_axi_0_1 has unconnected port s00_axi_wstrb[3]
WARNING: [Synth 8-3331] design design_1_nn_axi_0_1 has unconnected port s00_axi_wstrb[2]
WARNING: [Synth 8-3331] design design_1_nn_axi_0_1 has unconnected port s00_axi_wstrb[1]
WARNING: [Synth 8-3331] design design_1_nn_axi_0_1 has unconnected port s00_axi_wstrb[0]
WARNING: [Synth 8-3331] design design_1_nn_axi_0_1 has unconnected port s00_axi_araddr[1]
WARNING: [Synth 8-3331] design design_1_nn_axi_0_1 has unconnected port s00_axi_araddr[0]
WARNING: [Synth 8-3331] design design_1_nn_axi_0_1 has unconnected port s00_axi_arprot[2]
WARNING: [Synth 8-3331] design design_1_nn_axi_0_1 has unconnected port s00_axi_arprot[1]
WARNING: [Synth 8-3331] design design_1_nn_axi_0_1 has unconnected port s00_axi_arprot[0]
INFO: [Synth 8-3886] merging instance 'U0/nn_axi_v1_0_S00_AXI_inst/U_USER_APP/U_MEM_MAP/epoch_size_reg[0]' (LD) to 'U0/nn_axi_v1_0_S00_AXI_inst/U_USER_APP/U_MEM_MAP/go_epoch_reg'
INFO: [Synth 8-3886] merging instance 'U0/nn_axi_v1_0_S00_AXI_inst/U_USER_APP/U_MEM_MAP/epoch_size_reg[1]' (LD) to 'U0/nn_axi_v1_0_S00_AXI_inst/U_USER_APP/U_MEM_MAP/go_epoch_reg'
INFO: [Synth 8-3886] merging instance 'U0/nn_axi_v1_0_S00_AXI_inst/U_USER_APP/U_MEM_MAP/epoch_size_reg[2]' (LD) to 'U0/nn_axi_v1_0_S00_AXI_inst/U_USER_APP/U_MEM_MAP/go_epoch_reg'
INFO: [Synth 8-3886] merging instance 'U0/nn_axi_v1_0_S00_AXI_inst/U_USER_APP/U_MEM_MAP/epoch_size_reg[3]' (LD) to 'U0/nn_axi_v1_0_S00_AXI_inst/U_USER_APP/U_MEM_MAP/go_epoch_reg'
INFO: [Synth 8-3886] merging instance 'U0/nn_axi_v1_0_S00_AXI_inst/U_USER_APP/U_MEM_MAP/epoch_size_reg[4]' (LD) to 'U0/nn_axi_v1_0_S00_AXI_inst/U_USER_APP/U_MEM_MAP/go_epoch_reg'
INFO: [Synth 8-3886] merging instance 'U0/nn_axi_v1_0_S00_AXI_inst/U_USER_APP/U_MEM_MAP/epoch_size_reg[5]' (LD) to 'U0/nn_axi_v1_0_S00_AXI_inst/U_USER_APP/U_MEM_MAP/go_epoch_reg'
INFO: [Synth 8-3886] merging instance 'U0/nn_axi_v1_0_S00_AXI_inst/U_USER_APP/U_MEM_MAP/epoch_size_reg[6]' (LD) to 'U0/nn_axi_v1_0_S00_AXI_inst/U_USER_APP/U_MEM_MAP/go_epoch_reg'
INFO: [Synth 8-3886] merging instance 'U0/nn_axi_v1_0_S00_AXI_inst/U_USER_APP/U_MEM_MAP/epoch_size_reg[7]' (LD) to 'U0/nn_axi_v1_0_S00_AXI_inst/U_USER_APP/U_MEM_MAP/go_epoch_reg'
INFO: [Synth 8-3886] merging instance 'U0/nn_axi_v1_0_S00_AXI_inst/U_USER_APP/U_MEM_MAP/epoch_size_reg[8]' (LD) to 'U0/nn_axi_v1_0_S00_AXI_inst/U_USER_APP/U_MEM_MAP/go_epoch_reg'
INFO: [Synth 8-3886] merging instance 'U0/nn_axi_v1_0_S00_AXI_inst/U_USER_APP/U_MEM_MAP/epoch_size_reg[9]' (LD) to 'U0/nn_axi_v1_0_S00_AXI_inst/U_USER_APP/U_MEM_MAP/go_epoch_reg'
INFO: [Synth 8-3333] propagating constant 0 across sequential element (\U0/nn_axi_v1_0_S00_AXI_inst/U_USER_APP/U_MEM_MAP /go_epoch_reg)
WARNING: [Synth 8-3332] Sequential element (go_epoch_reg) is unused and will be removed from module mem_map.
INFO: [Synth 8-3886] merging instance 'nn_axi_v1_0_S00_AXI_insti_1/axi_rresp_reg[0]' (FDRE) to 'nn_axi_v1_0_S00_AXI_insti_1/axi_rresp_reg[1]'
INFO: [Synth 8-3333] propagating constant 0 across sequential element (nn_axi_v1_0_S00_AXI_insti_1/\axi_rresp_reg[1] )
INFO: [Synth 8-3886] merging instance 'nn_axi_v1_0_S00_AXI_insti_1/axi_bresp_reg[0]' (FDRE) to 'nn_axi_v1_0_S00_AXI_insti_1/axi_bresp_reg[1]'
INFO: [Synth 8-3333] propagating constant 0 across sequential element (nn_axi_v1_0_S00_AXI_insti_1/\axi_bresp_reg[1] )
INFO: [Synth 8-3886] merging instance 'U0/nn_axi_v1_0_S00_AXI_inst/U_USER_APP/U_MEM_MAP/rd_data_reg[16]' (FDE) to 'U0/nn_axi_v1_0_S00_AXI_inst/U_USER_APP/U_MEM_MAP/rd_data_reg[17]'
INFO: [Synth 8-3886] merging instance 'U0/nn_axi_v1_0_S00_AXI_inst/U_USER_APP/U_MEM_MAP/rd_data_reg[17]' (FDE) to 'U0/nn_axi_v1_0_S00_AXI_inst/U_USER_APP/U_MEM_MAP/rd_data_reg[18]'
INFO: [Synth 8-3886] merging instance 'U0/nn_axi_v1_0_S00_AXI_inst/U_USER_APP/U_MEM_MAP/rd_data_reg[18]' (FDE) to 'U0/nn_axi_v1_0_S00_AXI_inst/U_USER_APP/U_MEM_MAP/rd_data_reg[19]'
INFO: [Synth 8-3886] merging instance 'U0/nn_axi_v1_0_S00_AXI_inst/U_USER_APP/U_MEM_MAP/rd_data_reg[19]' (FDE) to 'U0/nn_axi_v1_0_S00_AXI_inst/U_USER_APP/U_MEM_MAP/rd_data_reg[20]'
INFO: [Synth 8-3886] merging instance 'U0/nn_axi_v1_0_S00_AXI_inst/U_USER_APP/U_MEM_MAP/rd_data_reg[20]' (FDE) to 'U0/nn_axi_v1_0_S00_AXI_inst/U_USER_APP/U_MEM_MAP/rd_data_reg[21]'
INFO: [Synth 8-3886] merging instance 'U0/nn_axi_v1_0_S00_AXI_inst/U_USER_APP/U_MEM_MAP/rd_data_reg[21]' (FDE) to 'U0/nn_axi_v1_0_S00_AXI_inst/U_USER_APP/U_MEM_MAP/rd_data_reg[22]'
INFO: [Synth 8-3886] merging instance 'U0/nn_axi_v1_0_S00_AXI_inst/U_USER_APP/U_MEM_MAP/rd_data_reg[22]' (FDE) to 'U0/nn_axi_v1_0_S00_AXI_inst/U_USER_APP/U_MEM_MAP/rd_data_reg[23]'
INFO: [Synth 8-3886] merging instance 'U0/nn_axi_v1_0_S00_AXI_inst/U_USER_APP/U_MEM_MAP/rd_data_reg[23]' (FDE) to 'U0/nn_axi_v1_0_S00_AXI_inst/U_USER_APP/U_MEM_MAP/rd_data_reg[24]'
INFO: [Synth 8-3886] merging instance 'U0/nn_axi_v1_0_S00_AXI_inst/U_USER_APP/U_MEM_MAP/rd_data_reg[24]' (FDE) to 'U0/nn_axi_v1_0_S00_AXI_inst/U_USER_APP/U_MEM_MAP/rd_data_reg[25]'
INFO: [Synth 8-3886] merging instance 'U0/nn_axi_v1_0_S00_AXI_inst/U_USER_APP/U_MEM_MAP/rd_data_reg[25]' (FDE) to 'U0/nn_axi_v1_0_S00_AXI_inst/U_USER_APP/U_MEM_MAP/rd_data_reg[26]'
INFO: [Synth 8-3886] merging instance 'U0/nn_axi_v1_0_S00_AXI_inst/U_USER_APP/U_MEM_MAP/rd_data_reg[26]' (FDE) to 'U0/nn_axi_v1_0_S00_AXI_inst/U_USER_APP/U_MEM_MAP/rd_data_reg[27]'
INFO: [Synth 8-3886] merging instance 'U0/nn_axi_v1_0_S00_AXI_inst/U_USER_APP/U_MEM_MAP/rd_data_reg[27]' (FDE) to 'U0/nn_axi_v1_0_S00_AXI_inst/U_USER_APP/U_MEM_MAP/rd_data_reg[28]'
INFO: [Synth 8-3886] merging instance 'U0/nn_axi_v1_0_S00_AXI_inst/U_USER_APP/U_MEM_MAP/rd_data_reg[28]' (FDE) to 'U0/nn_axi_v1_0_S00_AXI_inst/U_USER_APP/U_MEM_MAP/rd_data_reg[29]'
INFO: [Synth 8-3886] merging instance 'U0/nn_axi_v1_0_S00_AXI_inst/U_USER_APP/U_MEM_MAP/rd_data_reg[29]' (FDE) to 'U0/nn_axi_v1_0_S00_AXI_inst/U_USER_APP/U_MEM_MAP/rd_data_reg[30]'
INFO: [Synth 8-3886] merging instance 'U0/nn_axi_v1_0_S00_AXI_inst/U_USER_APP/U_MEM_MAP/rd_data_reg[30]' (FDE) to 'U0/nn_axi_v1_0_S00_AXI_inst/U_USER_APP/U_MEM_MAP/rd_data_reg[31]'
INFO: [Synth 8-3333] propagating constant 0 across sequential element (\U0/nn_axi_v1_0_S00_AXI_inst/U_USER_APP/U_MEM_MAP /\rd_data_reg[31] )
WARNING: [Synth 8-3332] Sequential element (rd_data_reg[31]) is unused and will be removed from module mem_map.
WARNING: [Synth 8-3332] Sequential element (memtest_in_addr_reg[17]) is unused and will be removed from module mem_map.
WARNING: [Synth 8-3332] Sequential element (memtest_in_addr_reg[16]) is unused and will be removed from module mem_map.
WARNING: [Synth 8-3332] Sequential element (memtest_in_addr_reg[15]) is unused and will be removed from module mem_map.
WARNING: [Synth 8-3332] Sequential element (memtest_in_addr_reg[14]) is unused and will be removed from module mem_map.
WARNING: [Synth 8-3332] Sequential element (memtest_in_addr_reg[13]) is unused and will be removed from module mem_map.
WARNING: [Synth 8-3332] Sequential element (memtest_in_addr_reg[12]) is unused and will be removed from module mem_map.
WARNING: [Synth 8-3332] Sequential element (memtest_in_addr_reg[11]) is unused and will be removed from module mem_map.
WARNING: [Synth 8-3332] Sequential element (memtest_in_addr_reg[10]) is unused and will be removed from module mem_map.
WARNING: [Synth 8-3332] Sequential element (memtest_in_addr_reg[9]) is unused and will be removed from module mem_map.
WARNING: [Synth 8-3332] Sequential element (memtest_in_addr_reg[8]) is unused and will be removed from module mem_map.
WARNING: [Synth 8-3332] Sequential element (memtest_in_addr_reg[7]) is unused and will be removed from module mem_map.
WARNING: [Synth 8-3332] Sequential element (memtest_in_addr_reg[6]) is unused and will be removed from module mem_map.
WARNING: [Synth 8-3332] Sequential element (memtest_in_addr_reg[5]) is unused and will be removed from module mem_map.
WARNING: [Synth 8-3332] Sequential element (memtest_in_addr_reg[4]) is unused and will be removed from module mem_map.
WARNING: [Synth 8-3332] Sequential element (memtest_in_addr_reg[3]) is unused and will be removed from module mem_map.
WARNING: [Synth 8-3332] Sequential element (memtest_in_addr_reg[2]) is unused and will be removed from module mem_map.
WARNING: [Synth 8-3332] Sequential element (memtest_in_addr_reg[1]) is unused and will be removed from module mem_map.
WARNING: [Synth 8-3332] Sequential element (memtest_in_addr_reg[0]) is unused and will be removed from module mem_map.
WARNING: [Synth 8-3332] Sequential element (memtest_out_addr_reg[17]) is unused and will be removed from module mem_map.
WARNING: [Synth 8-3332] Sequential element (memtest_out_addr_reg[16]) is unused and will be removed from module mem_map.
WARNING: [Synth 8-3332] Sequential element (memtest_out_addr_reg[15]) is unused and will be removed from module mem_map.
WARNING: [Synth 8-3332] Sequential element (memtest_out_addr_reg[14]) is unused and will be removed from module mem_map.
WARNING: [Synth 8-3332] Sequential element (memtest_out_addr_reg[13]) is unused and will be removed from module mem_map.
WARNING: [Synth 8-3332] Sequential element (memtest_out_addr_reg[12]) is unused and will be removed from module mem_map.
WARNING: [Synth 8-3332] Sequential element (memtest_out_addr_reg[11]) is unused and will be removed from module mem_map.
WARNING: [Synth 8-3332] Sequential element (memtest_out_addr_reg[10]) is unused and will be removed from module mem_map.
WARNING: [Synth 8-3332] Sequential element (memtest_out_addr_reg[9]) is unused and will be removed from module mem_map.
WARNING: [Synth 8-3332] Sequential element (memtest_out_addr_reg[8]) is unused and will be removed from module mem_map.
WARNING: [Synth 8-3332] Sequential element (memtest_out_addr_reg[7]) is unused and will be removed from module mem_map.
WARNING: [Synth 8-3332] Sequential element (memtest_out_addr_reg[6]) is unused and will be removed from module mem_map.
WARNING: [Synth 8-3332] Sequential element (memtest_out_addr_reg[5]) is unused and will be removed from module mem_map.
WARNING: [Synth 8-3332] Sequential element (memtest_out_addr_reg[4]) is unused and will be removed from module mem_map.
WARNING: [Synth 8-3332] Sequential element (memtest_out_addr_reg[3]) is unused and will be removed from module mem_map.
WARNING: [Synth 8-3332] Sequential element (memtest_out_addr_reg[2]) is unused and will be removed from module mem_map.
WARNING: [Synth 8-3332] Sequential element (memtest_out_addr_reg[1]) is unused and will be removed from module mem_map.
WARNING: [Synth 8-3332] Sequential element (memtest_out_addr_reg[0]) is unused and will be removed from module mem_map.
WARNING: [Synth 8-3332] Sequential element (memtest_in_data_reg[31]) is unused and will be removed from module mem_map.
WARNING: [Synth 8-3332] Sequential element (memtest_in_data_reg[30]) is unused and will be removed from module mem_map.
WARNING: [Synth 8-3332] Sequential element (memtest_in_data_reg[29]) is unused and will be removed from module mem_map.
WARNING: [Synth 8-3332] Sequential element (memtest_in_data_reg[28]) is unused and will be removed from module mem_map.
WARNING: [Synth 8-3332] Sequential element (memtest_in_data_reg[27]) is unused and will be removed from module mem_map.
WARNING: [Synth 8-3332] Sequential element (memtest_in_data_reg[26]) is unused and will be removed from module mem_map.
WARNING: [Synth 8-3332] Sequential element (memtest_in_data_reg[25]) is unused and will be removed from module mem_map.
WARNING: [Synth 8-3332] Sequential element (memtest_in_data_reg[24]) is unused and will be removed from module mem_map.
WARNING: [Synth 8-3332] Sequential element (memtest_in_data_reg[23]) is unused and will be removed from module mem_map.
WARNING: [Synth 8-3332] Sequential element (memtest_in_data_reg[22]) is unused and will be removed from module mem_map.
WARNING: [Synth 8-3332] Sequential element (memtest_in_data_reg[21]) is unused and will be removed from module mem_map.
WARNING: [Synth 8-3332] Sequential element (memtest_in_data_reg[20]) is unused and will be removed from module mem_map.
WARNING: [Synth 8-3332] Sequential element (memtest_in_data_reg[19]) is unused and will be removed from module mem_map.
WARNING: [Synth 8-3332] Sequential element (memtest_in_data_reg[18]) is unused and will be removed from module mem_map.
WARNING: [Synth 8-3332] Sequential element (memtest_in_data_reg[17]) is unused and will be removed from module mem_map.
WARNING: [Synth 8-3332] Sequential element (memtest_in_data_reg[16]) is unused and will be removed from module mem_map.
WARNING: [Synth 8-3332] Sequential element (memtest_in_data_reg[15]) is unused and will be removed from module mem_map.
WARNING: [Synth 8-3332] Sequential element (memtest_in_data_reg[14]) is unused and will be removed from module mem_map.
WARNING: [Synth 8-3332] Sequential element (memtest_in_data_reg[13]) is unused and will be removed from module mem_map.
WARNING: [Synth 8-3332] Sequential element (memtest_in_data_reg[12]) is unused and will be removed from module mem_map.
WARNING: [Synth 8-3332] Sequential element (memtest_in_data_reg[11]) is unused and will be removed from module mem_map.
WARNING: [Synth 8-3332] Sequential element (memtest_in_data_reg[10]) is unused and will be removed from module mem_map.
WARNING: [Synth 8-3332] Sequential element (memtest_in_data_reg[9]) is unused and will be removed from module mem_map.
WARNING: [Synth 8-3332] Sequential element (memtest_in_data_reg[8]) is unused and will be removed from module mem_map.
WARNING: [Synth 8-3332] Sequential element (memtest_in_data_reg[7]) is unused and will be removed from module mem_map.
WARNING: [Synth 8-3332] Sequential element (memtest_in_data_reg[6]) is unused and will be removed from module mem_map.
WARNING: [Synth 8-3332] Sequential element (memtest_in_data_reg[5]) is unused and will be removed from module mem_map.
WARNING: [Synth 8-3332] Sequential element (memtest_in_data_reg[4]) is unused and will be removed from module mem_map.
WARNING: [Synth 8-3332] Sequential element (memtest_in_data_reg[3]) is unused and will be removed from module mem_map.
WARNING: [Synth 8-3332] Sequential element (memtest_in_data_reg[2]) is unused and will be removed from module mem_map.
WARNING: [Synth 8-3332] Sequential element (memtest_in_data_reg[1]) is unused and will be removed from module mem_map.
WARNING: [Synth 8-3332] Sequential element (memtest_in_data_reg[0]) is unused and will be removed from module mem_map.
WARNING: [Synth 8-3332] Sequential element (memtest_wr_en_reg) is unused and will be removed from module mem_map.
INFO: [Synth 8-3886] merging instance 'neui_0/in_vector_reg[0][0]' (FD) to 'neui_0/in_vector_reg[1][15]'
INFO: [Synth 8-3886] merging instance 'neui_0/in_vector_reg[0][1]' (FD) to 'neui_0/in_vector_reg[1][15]'
INFO: [Synth 8-3886] merging instance 'neui_0/in_vector_reg[0][2]' (FD) to 'neui_0/in_vector_reg[1][15]'
INFO: [Synth 8-3886] merging instance 'neui_0/in_vector_reg[0][3]' (FD) to 'neui_0/in_vector_reg[1][15]'
INFO: [Synth 8-3886] merging instance 'neui_0/in_vector_reg[0][4]' (FD) to 'neui_0/in_vector_reg[1][15]'
INFO: [Synth 8-3886] merging instance 'neui_0/in_vector_reg[0][5]' (FD) to 'neui_0/in_vector_reg[1][15]'
INFO: [Synth 8-3886] merging instance 'neui_0/in_vector_reg[0][6]' (FD) to 'neui_0/in_vector_reg[1][15]'
INFO: [Synth 8-3886] merging instance 'neui_0/in_vector_reg[0][7]' (FD) to 'neui_0/in_vector_reg[1][6]'
INFO: [Synth 8-3886] merging instance 'neui_0/in_vector_reg[0][8]' (FD) to 'neui_0/in_vector_reg[1][15]'
INFO: [Synth 8-3886] merging instance 'neui_0/in_vector_reg[0][9]' (FD) to 'neui_0/in_vector_reg[1][15]'
INFO: [Synth 8-3886] merging instance 'neui_0/in_vector_reg[0][10]' (FD) to 'neui_0/in_vector_reg[1][15]'
INFO: [Synth 8-3886] merging instance 'neui_0/in_vector_reg[0][11]' (FD) to 'neui_0/in_vector_reg[1][15]'
INFO: [Synth 8-3886] merging instance 'neui_0/in_vector_reg[0][12]' (FD) to 'neui_0/in_vector_reg[1][15]'
INFO: [Synth 8-3886] merging instance 'neui_0/in_vector_reg[0][13]' (FD) to 'neui_0/in_vector_reg[1][15]'
INFO: [Synth 8-3886] merging instance 'neui_0/in_vector_reg[0][14]' (FD) to 'neui_0/in_vector_reg[1][15]'
INFO: [Synth 8-3886] merging instance 'neui_0/in_vector_reg[0][15]' (FD) to 'neui_0/in_vector_reg[1][15]'
INFO: [Synth 8-3886] merging instance 'neui_0/in_vector_reg[1][0]' (FD) to 'neui_0/in_vector_reg[1][15]'
INFO: [Synth 8-3886] merging instance 'neui_0/in_vector_reg[1][1]' (FD) to 'neui_0/in_vector_reg[1][15]'
INFO: [Synth 8-3886] merging instance 'neui_0/in_vector_reg[1][2]' (FD) to 'neui_0/in_vector_reg[1][15]'
INFO: [Synth 8-3886] merging instance 'neui_0/in_vector_reg[1][3]' (FD) to 'neui_0/in_vector_reg[1][15]'
INFO: [Synth 8-3886] merging instance 'neui_0/in_vector_reg[1][4]' (FD) to 'neui_0/in_vector_reg[1][15]'
INFO: [Synth 8-3886] merging instance 'neui_0/in_vector_reg[1][5]' (FD) to 'neui_0/in_vector_reg[1][15]'
INFO: [Synth 8-3886] merging instance 'neui_0/in_vector_reg[1][6]' (FD) to 'neui_0/in_vector_reg[3][15]'
INFO: [Synth 8-3886] merging instance 'neui_0/in_vector_reg[1][7]' (FD) to 'neui_0/in_vector_reg[1][15]'
INFO: [Synth 8-3886] merging instance 'neui_0/in_vector_reg[1][8]' (FD) to 'neui_0/in_vector_reg[1][15]'
INFO: [Synth 8-3886] merging instance 'neui_0/in_vector_reg[1][9]' (FD) to 'neui_0/in_vector_reg[1][15]'
INFO: [Synth 8-3886] merging instance 'neui_0/in_vector_reg[1][10]' (FD) to 'neui_0/in_vector_reg[1][15]'
INFO: [Synth 8-3886] merging instance 'neui_0/in_vector_reg[1][11]' (FD) to 'neui_0/in_vector_reg[1][15]'
INFO: [Synth 8-3886] merging instance 'neui_0/in_vector_reg[1][12]' (FD) to 'neui_0/in_vector_reg[1][15]'
INFO: [Synth 8-3886] merging instance 'neui_0/in_vector_reg[1][13]' (FD) to 'neui_0/in_vector_reg[1][15]'
INFO: [Synth 8-3886] merging instance 'neui_0/in_vector_reg[1][14]' (FD) to 'neui_0/in_vector_reg[1][15]'
INFO: [Synth 8-3886] merging instance 'neui_0/in_vector_reg[1][15]' (FD) to 'neui_0/in_vector_reg[3][7]'
INFO: [Synth 8-3886] merging instance 'neui_0/in_vector_reg[2][0]' (FD) to 'neui_0/in_vector_reg[3][7]'
INFO: [Synth 8-3886] merging instance 'neui_0/in_vector_reg[2][1]' (FD) to 'neui_0/in_vector_reg[3][15]'
INFO: [Synth 8-3886] merging instance 'neui_0/in_vector_reg[2][2]' (FD) to 'neui_0/in_vector_reg[3][7]'
INFO: [Synth 8-3886] merging instance 'neui_0/in_vector_reg[2][3]' (FD) to 'neui_0/in_vector_reg[3][15]'
INFO: [Synth 8-3886] merging instance 'neui_0/in_vector_reg[2][4]' (FD) to 'neui_0/in_vector_reg[3][15]'
INFO: [Synth 8-3886] merging instance 'neui_0/in_vector_reg[2][5]' (FD) to 'neui_0/in_vector_reg[3][7]'
INFO: [Synth 8-3886] merging instance 'neui_0/in_vector_reg[2][6]' (FD) to 'neui_0/in_vector_reg[3][7]'
INFO: [Synth 8-3886] merging instance 'neui_0/in_vector_reg[2][7]' (FD) to 'neui_0/in_vector_reg[3][15]'
INFO: [Synth 8-3886] merging instance 'neui_0/in_vector_reg[2][8]' (FD) to 'neui_0/in_vector_reg[3][15]'
INFO: [Synth 8-3886] merging instance 'neui_0/in_vector_reg[2][9]' (FD) to 'neui_0/in_vector_reg[3][15]'
INFO: [Synth 8-3886] merging instance 'neui_0/in_vector_reg[2][10]' (FD) to 'neui_0/in_vector_reg[3][15]'
INFO: [Synth 8-3886] merging instance 'neui_0/in_vector_reg[2][11]' (FD) to 'neui_0/in_vector_reg[3][15]'
INFO: [Synth 8-3886] merging instance 'neui_0/in_vector_reg[2][12]' (FD) to 'neui_0/in_vector_reg[3][15]'
INFO: [Synth 8-3886] merging instance 'neui_0/in_vector_reg[2][13]' (FD) to 'neui_0/in_vector_reg[3][15]'
INFO: [Synth 8-3886] merging instance 'neui_0/in_vector_reg[2][14]' (FD) to 'neui_0/in_vector_reg[3][15]'
INFO: [Synth 8-3886] merging instance 'neui_0/in_vector_reg[2][15]' (FD) to 'neui_0/in_vector_reg[3][15]'
INFO: [Synth 8-3886] merging instance 'neui_0/in_vector_reg[3][0]' (FD) to 'neui_0/in_vector_reg[3][7]'
INFO: [Synth 8-3886] merging instance 'neui_0/in_vector_reg[3][1]' (FD) to 'neui_0/in_vector_reg[3][7]'
INFO: [Synth 8-3886] merging instance 'neui_0/in_vector_reg[3][2]' (FD) to 'neui_0/in_vector_reg[3][7]'
INFO: [Synth 8-3886] merging instance 'neui_0/in_vector_reg[3][3]' (FD) to 'neui_0/in_vector_reg[3][7]'
INFO: [Synth 8-3886] merging instance 'neui_0/in_vector_reg[3][4]' (FD) to 'neui_0/in_vector_reg[3][7]'
INFO: [Synth 8-3886] merging instance 'neui_0/in_vector_reg[3][5]' (FD) to 'neui_0/in_vector_reg[3][7]'
INFO: [Synth 8-3886] merging instance 'neui_0/in_vector_reg[3][6]' (FD) to 'neui_0/in_vector_reg[3][15]'
INFO: [Synth 8-3333] propagating constant 0 across sequential element (neui_0/\in_vector_reg[3][7] )
INFO: [Synth 8-3886] merging instance 'neui_0/in_vector_reg[3][8]' (FD) to 'neui_0/in_vector_reg[3][15]'
INFO: [Synth 8-3886] merging instance 'neui_0/in_vector_reg[3][9]' (FD) to 'neui_0/in_vector_reg[3][15]'
INFO: [Synth 8-3886] merging instance 'neui_0/in_vector_reg[3][10]' (FD) to 'neui_0/in_vector_reg[3][15]'
INFO: [Synth 8-3886] merging instance 'neui_0/in_vector_reg[3][11]' (FD) to 'neui_0/in_vector_reg[3][15]'
INFO: [Synth 8-3886] merging instance 'neui_0/in_vector_reg[3][12]' (FD) to 'neui_0/in_vector_reg[3][15]'
INFO: [Synth 8-3886] merging instance 'neui_0/in_vector_reg[3][13]' (FD) to 'neui_0/in_vector_reg[3][15]'
INFO: [Synth 8-3886] merging instance 'neui_0/in_vector_reg[3][14]' (FD) to 'neui_0/in_vector_reg[3][15]'
INFO: [Synth 8-3333] propagating constant 1 across sequential element (neui_0/\in_vector_reg[3][15] )
INFO: [Synth 8-3886] merging instance 'nn_axi_v1_0_S00_AXI_insti_1/axi_rdata_reg[16]' (FDRE) to 'nn_axi_v1_0_S00_AXI_insti_1/axi_rdata_reg[17]'
INFO: [Synth 8-3886] merging instance 'nn_axi_v1_0_S00_AXI_insti_1/axi_rdata_reg[17]' (FDRE) to 'nn_axi_v1_0_S00_AXI_insti_1/axi_rdata_reg[18]'
INFO: [Synth 8-3886] merging instance 'nn_axi_v1_0_S00_AXI_insti_1/axi_rdata_reg[18]' (FDRE) to 'nn_axi_v1_0_S00_AXI_insti_1/axi_rdata_reg[19]'
INFO: [Synth 8-3886] merging instance 'nn_axi_v1_0_S00_AXI_insti_1/axi_rdata_reg[19]' (FDRE) to 'nn_axi_v1_0_S00_AXI_insti_1/axi_rdata_reg[20]'
INFO: [Synth 8-3886] merging instance 'nn_axi_v1_0_S00_AXI_insti_1/axi_rdata_reg[20]' (FDRE) to 'nn_axi_v1_0_S00_AXI_insti_1/axi_rdata_reg[21]'
INFO: [Synth 8-3886] merging instance 'nn_axi_v1_0_S00_AXI_insti_1/axi_rdata_reg[21]' (FDRE) to 'nn_axi_v1_0_S00_AXI_insti_1/axi_rdata_reg[22]'
INFO: [Synth 8-3886] merging instance 'nn_axi_v1_0_S00_AXI_insti_1/axi_rdata_reg[22]' (FDRE) to 'nn_axi_v1_0_S00_AXI_insti_1/axi_rdata_reg[23]'
INFO: [Synth 8-3886] merging instance 'nn_axi_v1_0_S00_AXI_insti_1/axi_rdata_reg[23]' (FDRE) to 'nn_axi_v1_0_S00_AXI_insti_1/axi_rdata_reg[24]'
INFO: [Synth 8-3886] merging instance 'nn_axi_v1_0_S00_AXI_insti_1/axi_rdata_reg[24]' (FDRE) to 'nn_axi_v1_0_S00_AXI_insti_1/axi_rdata_reg[25]'
INFO: [Synth 8-3886] merging instance 'nn_axi_v1_0_S00_AXI_insti_1/axi_rdata_reg[25]' (FDRE) to 'nn_axi_v1_0_S00_AXI_insti_1/axi_rdata_reg[26]'
INFO: [Synth 8-3886] merging instance 'nn_axi_v1_0_S00_AXI_insti_1/axi_rdata_reg[26]' (FDRE) to 'nn_axi_v1_0_S00_AXI_insti_1/axi_rdata_reg[27]'
INFO: [Common 17-14] Message 'Synth 8-3886' appears 100 times and further instances of the messages will be disabled. Use the Tcl command set_msg_config to change the current settings.
INFO: [Synth 8-3333] propagating constant 0 across sequential element (nn_axi_v1_0_S00_AXI_insti_1/\axi_rdata_reg[31] )
---------------------------------------------------------------------------------
Finished Cross Boundary and Area Optimization : Time (s): cpu = 00:00:34 ; elapsed = 00:00:39 . Memory (MB): peak = 653.031 ; gain = 443.672
---------------------------------------------------------------------------------
---------------------------------------------------------------------------------
Start ROM, RAM, DSP and Shift Register Reporting
---------------------------------------------------------------------------------

DSP: Preliminary Mapping  Report (see note below)
+------------+-------------+--------+--------+--------+--------+--------+------+------+------+------+-------+------+------+
|Module Name | DSP Mapping | A Size | B Size | C Size | D Size | P Size | AREG | BREG | CREG | DREG | ADREG | MREG | PREG | 
+------------+-------------+--------+--------+--------+--------+--------+------+------+------+------+-------+------+------+
|sigmablock  | A*B         | 17     | 17     | -      | -      | 34     | 0    | 0    | -    | -    | -     | 0    | 0    | 
|MAC         | A*B         | 16     | 16     | -      | -      | 32     | 0    | 0    | -    | -    | -     | 0    | 0    | 
|MAC         | A*B         | 16     | 16     | -      | -      | 32     | 0    | 0    | -    | -    | -     | 0    | 0    | 
|MAC         | A*B         | 16     | 16     | -      | -      | 32     | 0    | 0    | -    | -    | -     | 0    | 0    | 
|MAC         | A*B         | 16     | 16     | -      | -      | 32     | 0    | 0    | -    | -    | -     | 0    | 0    | 
+------------+-------------+--------+--------+--------+--------+--------+------+------+------+------+-------+------+------+

Note: The table above is a preliminary report that shows the DSPs inferred at the current stage of the synthesis flow. Some DSP may be reimplemented as non DSP primitives later in the synthesis flow. Multiple instantiated DSPs are reported only once.
---------------------------------------------------------------------------------
Finished ROM, RAM, DSP and Shift Register Reporting
---------------------------------------------------------------------------------

Report RTL Partitions: 
+------+-------------------------+------------+----------+
|      |RTL Partition            |Replication |Instances |
+------+-------------------------+------------+----------+
|1     |neuron                   |           1|      3138|
|2     |neural_network__GC0      |           1|       112|
|3     |mem_map                  |           1|       107|
|4     |nn_axi_v1_0_S00_AXI__GC0 |           1|        55|
|5     |neuron__1                |           1|      3138|
|6     |neuron__2                |           1|      3138|
|7     |neuron__3                |           1|      3138|
|8     |neuron__4                |           1|      3134|
|9     |neuron__5                |           1|      3134|
|10    |neuron__6                |           1|      3138|
+------+-------------------------+------------+----------+
---------------------------------------------------------------------------------
Start Timing Optimization
---------------------------------------------------------------------------------
---------------------------------------------------------------------------------
Start Applying XDC Timing Constraints
---------------------------------------------------------------------------------
---------------------------------------------------------------------------------
Finished Applying XDC Timing Constraints : Time (s): cpu = 00:00:52 ; elapsed = 00:00:57 . Memory (MB): peak = 683.691 ; gain = 474.332
---------------------------------------------------------------------------------
---------------------------------------------------------------------------------
Finished Timing Optimization : Time (s): cpu = 00:00:52 ; elapsed = 00:00:57 . Memory (MB): peak = 683.691 ; gain = 474.332
---------------------------------------------------------------------------------

Report RTL Partitions: 
+------+-------------------------+------------+----------+
|      |RTL Partition            |Replication |Instances |
+------+-------------------------+------------+----------+
|1     |neuron                   |           1|      3138|
|2     |neural_network__GC0      |           1|       112|
|3     |mem_map                  |           1|       107|
|4     |nn_axi_v1_0_S00_AXI__GC0 |           1|        55|
|5     |neuron__1                |           1|      3138|
|6     |neuron__2                |           1|      3138|
|7     |neuron__3                |           1|      3138|
|8     |neuron__4                |           1|      3134|
|9     |neuron__5                |           1|      3134|
|10    |neuron__6                |           1|      3138|
+------+-------------------------+------------+----------+
---------------------------------------------------------------------------------
Start Technology Mapping
---------------------------------------------------------------------------------
---------------------------------------------------------------------------------
Finished Technology Mapping : Time (s): cpu = 00:00:56 ; elapsed = 00:01:00 . Memory (MB): peak = 768.281 ; gain = 558.922
---------------------------------------------------------------------------------

Report RTL Partitions: 
+-+--------------+------------+----------+
| |RTL Partition |Replication |Instances |
+-+--------------+------------+----------+
+-+--------------+------------+----------+
---------------------------------------------------------------------------------
Start IO Insertion
---------------------------------------------------------------------------------
---------------------------------------------------------------------------------
Start Flattening Before IO Insertion
---------------------------------------------------------------------------------
---------------------------------------------------------------------------------
Finished Flattening Before IO Insertion
---------------------------------------------------------------------------------
---------------------------------------------------------------------------------
Start Final Netlist Cleanup
---------------------------------------------------------------------------------
---------------------------------------------------------------------------------
Finished Final Netlist Cleanup
---------------------------------------------------------------------------------
---------------------------------------------------------------------------------
Finished IO Insertion : Time (s): cpu = 00:00:57 ; elapsed = 00:01:02 . Memory (MB): peak = 768.281 ; gain = 558.922
---------------------------------------------------------------------------------

Report Check Netlist: 
+------+------------------+-------+---------+-------+------------------+
|      |Item              |Errors |Warnings |Status |Description       |
+------+------------------+-------+---------+-------+------------------+
|1     |multi_driven_nets |      0|        0|Passed |Multi driven nets |
+------+------------------+-------+---------+-------+------------------+
---------------------------------------------------------------------------------
Start Renaming Generated Instances
---------------------------------------------------------------------------------
---------------------------------------------------------------------------------
Finished Renaming Generated Instances : Time (s): cpu = 00:00:57 ; elapsed = 00:01:02 . Memory (MB): peak = 768.281 ; gain = 558.922
---------------------------------------------------------------------------------

Report RTL Partitions: 
+-+--------------+------------+----------+
| |RTL Partition |Replication |Instances |
+-+--------------+------------+----------+
+-+--------------+------------+----------+
---------------------------------------------------------------------------------
Start Rebuilding User Hierarchy
---------------------------------------------------------------------------------
---------------------------------------------------------------------------------
Finished Rebuilding User Hierarchy : Time (s): cpu = 00:01:00 ; elapsed = 00:01:05 . Memory (MB): peak = 768.281 ; gain = 558.922
---------------------------------------------------------------------------------
---------------------------------------------------------------------------------
Start Renaming Generated Ports
---------------------------------------------------------------------------------
---------------------------------------------------------------------------------
Finished Renaming Generated Ports : Time (s): cpu = 00:01:03 ; elapsed = 00:01:08 . Memory (MB): peak = 768.281 ; gain = 558.922
---------------------------------------------------------------------------------
---------------------------------------------------------------------------------
Start Handling Custom Attributes
---------------------------------------------------------------------------------
---------------------------------------------------------------------------------
Finished Handling Custom Attributes : Time (s): cpu = 00:01:03 ; elapsed = 00:01:08 . Memory (MB): peak = 768.281 ; gain = 558.922
---------------------------------------------------------------------------------
---------------------------------------------------------------------------------
Start Renaming Generated Nets
---------------------------------------------------------------------------------
---------------------------------------------------------------------------------
Finished Renaming Generated Nets : Time (s): cpu = 00:01:03 ; elapsed = 00:01:08 . Memory (MB): peak = 768.281 ; gain = 558.922
---------------------------------------------------------------------------------
---------------------------------------------------------------------------------
Start Writing Synthesis Report
---------------------------------------------------------------------------------

Report BlackBoxes: 
+-+--------------+----------+
| |BlackBox name |Instances |
+-+--------------+----------+
+-+--------------+----------+

Report Cell Usage: 
+------+--------+------+
|      |Cell    |Count |
+------+--------+------+
|1     |CARRY4  |  2289|
|2     |DSP48E1 |    28|
|3     |LUT1    |   778|
|4     |LUT2    |  1069|
|5     |LUT3    |   649|
|6     |LUT4    |   539|
|7     |LUT5    |  6269|
|8     |LUT6    |   672|
|9     |FDRE    |   128|
|10    |FDSE    |    35|
+------+--------+------+

Report Instance Areas: 
+------+------------------------------+--------------------+------+
|      |Instance                      |Module              |Cells |
+------+------------------------------+--------------------+------+
|1     |top                           |                    | 12456|
|2     |  U0                          |nn_axi_v1_0         | 12456|
|3     |    nn_axi_v1_0_S00_AXI_inst  |nn_axi_v1_0_S00_AXI | 12456|
|4     |      U_USER_APP              |user_app            | 12414|
|5     |        U_MEM_MAP             |mem_map             |    43|
|6     |        U_NN                  |nn_wrapper          | 12371|
|7     |          nn                  |neural_network_top  | 12371|
|8     |            neu               |neural_network      | 12371|
|9     |              hid_layer       |hidden_layer        |  6944|
|10    |                \GEN2[0].neu  |neuron_6            |  1736|
|11    |                  MC          |MAC_16              |   526|
|12    |                  sig         |sigmablock_17       |  1196|
|13    |                \GEN2[1].neu  |neuron_7            |  1736|
|14    |                  MC          |MAC_14              |   526|
|15    |                  sig         |sigmablock_15       |  1196|
|16    |                \GEN2[2].neu  |neuron_8            |  1736|
|17    |                  MC          |MAC_12              |   526|
|18    |                  sig         |sigmablock_13       |  1196|
|19    |                \GEN2[3].neu  |neuron_9            |  1736|
|20    |                  MC          |MAC_10              |   526|
|21    |                  sig         |sigmablock_11       |  1196|
|22    |              out_layer       |neural_layer        |  5198|
|23    |                \GEN2[0].neu  |neuron              |  1736|
|24    |                  MC          |MAC_4               |   526|
|25    |                  sig         |sigmablock_5        |  1196|
|26    |                \GEN2[1].neu  |neuron_0            |  1731|
|27    |                  MC          |MAC_2               |   539|
|28    |                  sig         |sigmablock_3        |  1192|
|29    |                \GEN2[2].neu  |neuron_1            |  1731|
|30    |                  MC          |MAC                 |   539|
|31    |                  sig         |sigmablock          |  1192|
+------+------------------------------+--------------------+------+
---------------------------------------------------------------------------------
Finished Writing Synthesis Report : Time (s): cpu = 00:01:03 ; elapsed = 00:01:08 . Memory (MB): peak = 768.281 ; gain = 558.922
---------------------------------------------------------------------------------
Synthesis finished with 0 errors, 0 critical warnings and 85 warnings.
Synthesis Optimization Runtime : Time (s): cpu = 00:00:46 ; elapsed = 00:00:54 . Memory (MB): peak = 768.281 ; gain = 231.777
Synthesis Optimization Complete : Time (s): cpu = 00:01:03 ; elapsed = 00:01:08 . Memory (MB): peak = 768.281 ; gain = 558.922
INFO: [Project 1-571] Translating synthesized netlist
INFO: [Netlist 29-17] Analyzing 2317 Unisim elements for replacement
INFO: [Netlist 29-28] Unisim Transformation completed in 0 CPU seconds
INFO: [Project 1-570] Preparing netlist for logic optimization
INFO: [Opt 31-138] Pushed 0 inverter(s) to 0 load pin(s).
INFO: [Project 1-111] Unisim Transformation Summary:
No Unisim elements were transformed.

INFO: [Common 17-83] Releasing license: Synthesis
166 Infos, 136 Warnings, 0 Critical Warnings and 0 Errors encountered.
synth_design completed successfully
synth_design: Time (s): cpu = 00:01:06 ; elapsed = 00:01:09 . Memory (MB): peak = 768.281 ; gain = 552.746
INFO: [Common 17-1381] The checkpoint 'C:/NN-Project/nn_base/nn_base.runs/design_1_nn_axi_0_1_synth_1/design_1_nn_axi_0_1.dcp' has been generated.
