Unable to capture context for thread 28460 in process 80600, can not generate back trace
Unable to capture context for thread 76968 in process 80600, can not generate back trace
Unable to capture context for thread 67436 in process 80600, can not generate back trace
Exception at PC 0x00007FFDA9343C58
Exception at PC 0x00007FFD4030BB93
Printing stacktrace...

Exception at PC 0x00007FFDA9343C58
Exception at PC 0x00007FFDA9343C58
[0]  [0x00007FFD4030BB93]
[1]  [0x00007FFD4030BB93]
[2]  [0x00007FFD4030B4A1]
[3]  [0x00007FFD4030B3EF]
[4]  [0x00007FFD402F19FE]
[5]  [0x00007FFD402F0ED1]
[6]  [0x00007FFD402F0D76]
[7]  [0x00007FFD402979F6]
[8]  [0x00007FFD40287AFB]
[9]  [0x00007FFD403AE90A]
[10]  [0x00007FFD403C9F87]
[11]  [0x00007FFD403CA05F]
[12] (BaseThreadInitThunk+0x14) [0x00007FFDABE98364]
[13] (RtlUserThreadStart+0x21) [0x00007FFDACBB70D1]
Done
Exception at PC 0x00007FFDA9343C58
Exception at PC 0x00007FFDA9343C58
Exception at PC 0x00007FFDA9343C58
Exception at PC 0x00007FFDA9343C58
Exception at PC 0x00007FFDA9343C58
Exception at PC 0x00007FFDA9343C58
Exception at PC 0x00007FFDA9343C58
Exception at PC 0x00007FFDA9343C58
Exception at PC 0x00007FFDA9343C58
Exception at PC 0x00007FFDA9343C58
Exception at PC 0x00007FFDA9343C58
Exception at PC 0x00007FFDA9343C58
Exception at PC 0x00007FFDA9343C58
Exception at PC 0x00007FFDA9343C58
Exception at PC 0x00007FFDA9343C58
