INFO: [VRFC 10-163] Analyzing VHDL file "c:/nn-project/HDL/nn_dp/lib/fixed_float_types_c.vhd" into library work
INFO: [VRFC 10-163] Analyzing VHDL file "c:/nn-project/HDL/nn_dp/lib/fixed_pkg_c.vhd" into library work
INFO: [VRFC 10-163] Analyzing VHDL file "c:/nn-project/HDL/nn_dp/lib/heap_arr_pkg.vhd" into library work
INFO: [VRFC 10-163] Analyzing VHDL file "c:/nn-project/HDL/nn_dp/absfixed.vhd" into library work
INFO: [VRFC 10-307] analyzing entity absfixed
INFO: [VRFC 10-163] Analyzing VHDL file "c:/nn-project/HDL/nn_dp/sigmablock.vhd" into library work
INFO: [VRFC 10-307] analyzing entity sigmablock
INFO: [VRFC 10-163] Analyzing VHDL file "c:/nn-project/HDL/nn_dp/MAC.vhd" into library work
INFO: [VRFC 10-307] analyzing entity MAC
INFO: [VRFC 10-163] Analyzing VHDL file "c:/nn-project/HDL/nn_dp/neuron.vhd" into library work
INFO: [VRFC 10-307] analyzing entity neuron
INFO: [VRFC 10-163] Analyzing VHDL file "c:/nn-project/HDL/nn_dp/neural_layer.vhd" into library work
INFO: [VRFC 10-307] analyzing entity neural_layer
INFO: [VRFC 10-163] Analyzing VHDL file "c:/nn-project/HDL/nn_dp/hidden_layer.vhd" into library work
INFO: [VRFC 10-307] analyzing entity hidden_layer
INFO: [VRFC 10-163] Analyzing VHDL file "c:/nn-project/HDL/nn_dp/neural_network.vhd" into library work
INFO: [VRFC 10-307] analyzing entity neural_network
INFO: [VRFC 10-163] Analyzing VHDL file "c:/nn-project/HDL/nn_dp/neural_network_top.vhd" into library work
INFO: [VRFC 10-307] analyzing entity neural_network_top
INFO: [VRFC 10-163] Analyzing VHDL file "c:/nn-project/HDL/user_app/config_pkg.vhd" into library work
INFO: [VRFC 10-163] Analyzing VHDL file "c:/nn-project/HDL/nn_dp/nn_wrapper.vhd" into library work
INFO: [VRFC 10-307] analyzing entity nn_wrapper
INFO: [VRFC 10-163] Analyzing VHDL file "c:/nn-project/HDL/user_app/mem_map.vhd" into library work
INFO: [VRFC 10-307] analyzing entity mem_map
INFO: [VRFC 10-163] Analyzing VHDL file "c:/nn-project/HDL/user_app/ram.vhd" into library work
INFO: [VRFC 10-307] analyzing entity ram
INFO: [VRFC 10-163] Analyzing VHDL file "c:/nn-project/HDL/user_app/user_app.vhd" into library work
INFO: [VRFC 10-307] analyzing entity user_app
INFO: [VRFC 10-163] Analyzing VHDL file "c:/nn-project/HDL/user_app/user_app_tb.vhd" into library work
INFO: [VRFC 10-307] analyzing entity user_app_tb
