Vivado Simulator 2016.4
Time resolution is 1 ps
Warning: :fixed_pkg:">": metavalue detected, returning FALSE
Time: 0 ps  Iteration: 0  Process: /user_app_tb/UUT/U_NN_WRAPPER/nn/neu/out_layer/\GEN2(2)\/neu/sig/abso/line__22  File: c:/users/matthew/documents/git/nn-project/ip_repo/mem_axi_1.0/src/absfixed.vhd
Warning: NUMERIC_STD."=": metavalue detected, returning FALSE
Time: 0 ps  Iteration: 0  Process: /user_app_tb/UUT/U_NN_WRAPPER/nn/neu/out_layer/\GEN2(2)\/neu/sig/line__32  File: c:/users/matthew/documents/git/nn-project/ip_repo/mem_axi_1.0/src/sigmablock.vhd
Warning: NUMERIC_STD."=": metavalue detected, returning FALSE
Time: 0 ps  Iteration: 0  Process: /user_app_tb/UUT/U_NN_WRAPPER/nn/neu/out_layer/\GEN2(2)\/neu/sig/line__31  File: c:/users/matthew/documents/git/nn-project/ip_repo/mem_axi_1.0/src/sigmablock.vhd
Warning: :fixed_pkg:">": metavalue detected, returning FALSE
Time: 0 ps  Iteration: 0  Process: /user_app_tb/UUT/U_NN_WRAPPER/nn/neu/out_layer/\GEN2(1)\/neu/sig/abso/line__22  File: c:/users/matthew/documents/git/nn-project/ip_repo/mem_axi_1.0/src/absfixed.vhd
Warning: NUMERIC_STD."=": metavalue detected, returning FALSE
Time: 0 ps  Iteration: 0  Process: /user_app_tb/UUT/U_NN_WRAPPER/nn/neu/out_layer/\GEN2(1)\/neu/sig/line__32  File: c:/users/matthew/documents/git/nn-project/ip_repo/mem_axi_1.0/src/sigmablock.vhd
Warning: NUMERIC_STD."=": metavalue detected, returning FALSE
Time: 0 ps  Iteration: 0  Process: /user_app_tb/UUT/U_NN_WRAPPER/nn/neu/out_layer/\GEN2(1)\/neu/sig/line__31  File: c:/users/matthew/documents/git/nn-project/ip_repo/mem_axi_1.0/src/sigmablock.vhd
Warning: :fixed_pkg:">": metavalue detected, returning FALSE
Time: 0 ps  Iteration: 0  Process: /user_app_tb/UUT/U_NN_WRAPPER/nn/neu/out_layer/\GEN2(0)\/neu/sig/abso/line__22  File: c:/users/matthew/documents/git/nn-project/ip_repo/mem_axi_1.0/src/absfixed.vhd
Warning: NUMERIC_STD."=": metavalue detected, returning FALSE
Time: 0 ps  Iteration: 0  Process: /user_app_tb/UUT/U_NN_WRAPPER/nn/neu/out_layer/\GEN2(0)\/neu/sig/line__32  File: c:/users/matthew/documents/git/nn-project/ip_repo/mem_axi_1.0/src/sigmablock.vhd
Warning: NUMERIC_STD."=": metavalue detected, returning FALSE
Time: 0 ps  Iteration: 0  Process: /user_app_tb/UUT/U_NN_WRAPPER/nn/neu/out_layer/\GEN2(0)\/neu/sig/line__31  File: c:/users/matthew/documents/git/nn-project/ip_repo/mem_axi_1.0/src/sigmablock.vhd
Warning: :fixed_pkg:">": metavalue detected, returning FALSE
Time: 0 ps  Iteration: 0  Process: /user_app_tb/UUT/U_NN_WRAPPER/nn/neu/hid_layer/\GEN2(3)\/neu/sig/abso/line__22  File: c:/users/matthew/documents/git/nn-project/ip_repo/mem_axi_1.0/src/absfixed.vhd
Warning: NUMERIC_STD."=": metavalue detected, returning FALSE
Time: 0 ps  Iteration: 0  Process: /user_app_tb/UUT/U_NN_WRAPPER/nn/neu/hid_layer/\GEN2(3)\/neu/sig/line__32  File: c:/users/matthew/documents/git/nn-project/ip_repo/mem_axi_1.0/src/sigmablock.vhd
Warning: NUMERIC_STD."=": metavalue detected, returning FALSE
Time: 0 ps  Iteration: 0  Process: /user_app_tb/UUT/U_NN_WRAPPER/nn/neu/hid_layer/\GEN2(3)\/neu/sig/line__31  File: c:/users/matthew/documents/git/nn-project/ip_repo/mem_axi_1.0/src/sigmablock.vhd
Warning: :fixed_pkg:">": metavalue detected, returning FALSE
Time: 0 ps  Iteration: 0  Process: /user_app_tb/UUT/U_NN_WRAPPER/nn/neu/hid_layer/\GEN2(2)\/neu/sig/abso/line__22  File: c:/users/matthew/documents/git/nn-project/ip_repo/mem_axi_1.0/src/absfixed.vhd
Warning: NUMERIC_STD."=": metavalue detected, returning FALSE
Time: 0 ps  Iteration: 0  Process: /user_app_tb/UUT/U_NN_WRAPPER/nn/neu/hid_layer/\GEN2(2)\/neu/sig/line__32  File: c:/users/matthew/documents/git/nn-project/ip_repo/mem_axi_1.0/src/sigmablock.vhd
Warning: NUMERIC_STD."=": metavalue detected, returning FALSE
Time: 0 ps  Iteration: 0  Process: /user_app_tb/UUT/U_NN_WRAPPER/nn/neu/hid_layer/\GEN2(2)\/neu/sig/line__31  File: c:/users/matthew/documents/git/nn-project/ip_repo/mem_axi_1.0/src/sigmablock.vhd
Warning: :fixed_pkg:">": metavalue detected, returning FALSE
Time: 0 ps  Iteration: 0  Process: /user_app_tb/UUT/U_NN_WRAPPER/nn/neu/hid_layer/\GEN2(1)\/neu/sig/abso/line__22  File: c:/users/matthew/documents/git/nn-project/ip_repo/mem_axi_1.0/src/absfixed.vhd
Warning: NUMERIC_STD."=": metavalue detected, returning FALSE
Time: 0 ps  Iteration: 0  Process: /user_app_tb/UUT/U_NN_WRAPPER/nn/neu/hid_layer/\GEN2(1)\/neu/sig/line__32  File: c:/users/matthew/documents/git/nn-project/ip_repo/mem_axi_1.0/src/sigmablock.vhd
Warning: NUMERIC_STD."=": metavalue detected, returning FALSE
Time: 0 ps  Iteration: 0  Process: /user_app_tb/UUT/U_NN_WRAPPER/nn/neu/hid_layer/\GEN2(1)\/neu/sig/line__31  File: c:/users/matthew/documents/git/nn-project/ip_repo/mem_axi_1.0/src/sigmablock.vhd
Warning: :fixed_pkg:">": metavalue detected, returning FALSE
Time: 0 ps  Iteration: 0  Process: /user_app_tb/UUT/U_NN_WRAPPER/nn/neu/hid_layer/\GEN2(0)\/neu/sig/abso/line__22  File: c:/users/matthew/documents/git/nn-project/ip_repo/mem_axi_1.0/src/absfixed.vhd
Warning: NUMERIC_STD."=": metavalue detected, returning FALSE
Time: 0 ps  Iteration: 0  Process: /user_app_tb/UUT/U_NN_WRAPPER/nn/neu/hid_layer/\GEN2(0)\/neu/sig/line__32  File: c:/users/matthew/documents/git/nn-project/ip_repo/mem_axi_1.0/src/sigmablock.vhd
Warning: NUMERIC_STD."=": metavalue detected, returning FALSE
Time: 0 ps  Iteration: 0  Process: /user_app_tb/UUT/U_NN_WRAPPER/nn/neu/hid_layer/\GEN2(0)\/neu/sig/line__31  File: c:/users/matthew/documents/git/nn-project/ip_repo/mem_axi_1.0/src/sigmablock.vhd
Warning: NUMERIC_STD."=": metavalue detected, returning FALSE
Time: 0 ps  Iteration: 1  Process: /user_app_tb/UUT/U_NN_WRAPPER/nn/neu/out_layer/\GEN2(2)\/neu/sig/line__31  File: c:/users/matthew/documents/git/nn-project/ip_repo/mem_axi_1.0/src/sigmablock.vhd
Warning: NUMERIC_STD."=": metavalue detected, returning FALSE
Time: 0 ps  Iteration: 1  Process: /user_app_tb/UUT/U_NN_WRAPPER/nn/neu/out_layer/\GEN2(2)\/neu/sig/line__32  File: c:/users/matthew/documents/git/nn-project/ip_repo/mem_axi_1.0/src/sigmablock.vhd
Warning: :fixed_pkg:">": metavalue detected, returning FALSE
Time: 0 ps  Iteration: 1  Process: /user_app_tb/UUT/U_NN_WRAPPER/nn/neu/out_layer/\GEN2(2)\/neu/sig/abso/line__22  File: c:/users/matthew/documents/git/nn-project/ip_repo/mem_axi_1.0/src/absfixed.vhd
Warning: NUMERIC_STD."=": metavalue detected, returning FALSE
Time: 0 ps  Iteration: 1  Process: /user_app_tb/UUT/U_NN_WRAPPER/nn/neu/out_layer/\GEN2(1)\/neu/sig/line__31  File: c:/users/matthew/documents/git/nn-project/ip_repo/mem_axi_1.0/src/sigmablock.vhd
Warning: NUMERIC_STD."=": metavalue detected, returning FALSE
Time: 0 ps  Iteration: 1  Process: /user_app_tb/UUT/U_NN_WRAPPER/nn/neu/out_layer/\GEN2(1)\/neu/sig/line__32  File: c:/users/matthew/documents/git/nn-project/ip_repo/mem_axi_1.0/src/sigmablock.vhd
Warning: :fixed_pkg:">": metavalue detected, returning FALSE
Time: 0 ps  Iteration: 1  Process: /user_app_tb/UUT/U_NN_WRAPPER/nn/neu/out_layer/\GEN2(1)\/neu/sig/abso/line__22  File: c:/users/matthew/documents/git/nn-project/ip_repo/mem_axi_1.0/src/absfixed.vhd
Warning: NUMERIC_STD."=": metavalue detected, returning FALSE
Time: 0 ps  Iteration: 1  Process: /user_app_tb/UUT/U_NN_WRAPPER/nn/neu/out_layer/\GEN2(0)\/neu/sig/line__31  File: c:/users/matthew/documents/git/nn-project/ip_repo/mem_axi_1.0/src/sigmablock.vhd
Warning: NUMERIC_STD."=": metavalue detected, returning FALSE
Time: 0 ps  Iteration: 1  Process: /user_app_tb/UUT/U_NN_WRAPPER/nn/neu/out_layer/\GEN2(0)\/neu/sig/line__32  File: c:/users/matthew/documents/git/nn-project/ip_repo/mem_axi_1.0/src/sigmablock.vhd
Warning: :fixed_pkg:">": metavalue detected, returning FALSE
Time: 0 ps  Iteration: 1  Process: /user_app_tb/UUT/U_NN_WRAPPER/nn/neu/out_layer/\GEN2(0)\/neu/sig/abso/line__22  File: c:/users/matthew/documents/git/nn-project/ip_repo/mem_axi_1.0/src/absfixed.vhd
Warning: NUMERIC_STD."=": metavalue detected, returning FALSE
Time: 0 ps  Iteration: 1  Process: /user_app_tb/UUT/U_NN_WRAPPER/nn/neu/hid_layer/\GEN2(3)\/neu/sig/line__31  File: c:/users/matthew/documents/git/nn-project/ip_repo/mem_axi_1.0/src/sigmablock.vhd
Warning: NUMERIC_STD."=": metavalue detected, returning FALSE
Time: 0 ps  Iteration: 1  Process: /user_app_tb/UUT/U_NN_WRAPPER/nn/neu/hid_layer/\GEN2(3)\/neu/sig/line__32  File: c:/users/matthew/documents/git/nn-project/ip_repo/mem_axi_1.0/src/sigmablock.vhd
Warning: :fixed_pkg:">": metavalue detected, returning FALSE
Time: 0 ps  Iteration: 1  Process: /user_app_tb/UUT/U_NN_WRAPPER/nn/neu/hid_layer/\GEN2(3)\/neu/sig/abso/line__22  File: c:/users/matthew/documents/git/nn-project/ip_repo/mem_axi_1.0/src/absfixed.vhd
Warning: NUMERIC_STD."=": metavalue detected, returning FALSE
Time: 0 ps  Iteration: 1  Process: /user_app_tb/UUT/U_NN_WRAPPER/nn/neu/hid_layer/\GEN2(2)\/neu/sig/line__31  File: c:/users/matthew/documents/git/nn-project/ip_repo/mem_axi_1.0/src/sigmablock.vhd
Warning: NUMERIC_STD."=": metavalue detected, returning FALSE
Time: 0 ps  Iteration: 1  Process: /user_app_tb/UUT/U_NN_WRAPPER/nn/neu/hid_layer/\GEN2(2)\/neu/sig/line__32  File: c:/users/matthew/documents/git/nn-project/ip_repo/mem_axi_1.0/src/sigmablock.vhd
Warning: :fixed_pkg:">": metavalue detected, returning FALSE
Time: 0 ps  Iteration: 1  Process: /user_app_tb/UUT/U_NN_WRAPPER/nn/neu/hid_layer/\GEN2(2)\/neu/sig/abso/line__22  File: c:/users/matthew/documents/git/nn-project/ip_repo/mem_axi_1.0/src/absfixed.vhd
Warning: NUMERIC_STD."=": metavalue detected, returning FALSE
Time: 0 ps  Iteration: 1  Process: /user_app_tb/UUT/U_NN_WRAPPER/nn/neu/hid_layer/\GEN2(1)\/neu/sig/line__31  File: c:/users/matthew/documents/git/nn-project/ip_repo/mem_axi_1.0/src/sigmablock.vhd
Warning: NUMERIC_STD."=": metavalue detected, returning FALSE
Time: 0 ps  Iteration: 1  Process: /user_app_tb/UUT/U_NN_WRAPPER/nn/neu/hid_layer/\GEN2(1)\/neu/sig/line__32  File: c:/users/matthew/documents/git/nn-project/ip_repo/mem_axi_1.0/src/sigmablock.vhd
Warning: :fixed_pkg:">": metavalue detected, returning FALSE
Time: 0 ps  Iteration: 1  Process: /user_app_tb/UUT/U_NN_WRAPPER/nn/neu/hid_layer/\GEN2(1)\/neu/sig/abso/line__22  File: c:/users/matthew/documents/git/nn-project/ip_repo/mem_axi_1.0/src/absfixed.vhd
Warning: NUMERIC_STD."=": metavalue detected, returning FALSE
Time: 0 ps  Iteration: 1  Process: /user_app_tb/UUT/U_NN_WRAPPER/nn/neu/hid_layer/\GEN2(0)\/neu/sig/line__31  File: c:/users/matthew/documents/git/nn-project/ip_repo/mem_axi_1.0/src/sigmablock.vhd
Warning: NUMERIC_STD."=": metavalue detected, returning FALSE
Time: 0 ps  Iteration: 1  Process: /user_app_tb/UUT/U_NN_WRAPPER/nn/neu/hid_layer/\GEN2(0)\/neu/sig/line__32  File: c:/users/matthew/documents/git/nn-project/ip_repo/mem_axi_1.0/src/sigmablock.vhd
Warning: :fixed_pkg:">": metavalue detected, returning FALSE
Time: 0 ps  Iteration: 1  Process: /user_app_tb/UUT/U_NN_WRAPPER/nn/neu/hid_layer/\GEN2(0)\/neu/sig/abso/line__22  File: c:/users/matthew/documents/git/nn-project/ip_repo/mem_axi_1.0/src/absfixed.vhd
Warning: NUMERIC_STD."=": metavalue detected, returning FALSE
Time: 4675 ns  Iteration: 5  Process: /user_app_tb/UUT/U_NN_WRAPPER/nn/neu/hid_layer/\GEN2(0)\/neu/sig/line__31  File: c:/users/matthew/documents/git/nn-project/ip_repo/mem_axi_1.0/src/sigmablock.vhd
Warning: NUMERIC_STD."=": metavalue detected, returning FALSE
Time: 4675 ns  Iteration: 5  Process: /user_app_tb/UUT/U_NN_WRAPPER/nn/neu/hid_layer/\GEN2(1)\/neu/sig/line__31  File: c:/users/matthew/documents/git/nn-project/ip_repo/mem_axi_1.0/src/sigmablock.vhd
Warning: NUMERIC_STD."=": metavalue detected, returning FALSE
Time: 4675 ns  Iteration: 5  Process: /user_app_tb/UUT/U_NN_WRAPPER/nn/neu/hid_layer/\GEN2(2)\/neu/sig/line__31  File: c:/users/matthew/documents/git/nn-project/ip_repo/mem_axi_1.0/src/sigmablock.vhd
Warning: NUMERIC_STD."=": metavalue detected, returning FALSE
Time: 4675 ns  Iteration: 5  Process: /user_app_tb/UUT/U_NN_WRAPPER/nn/neu/hid_layer/\GEN2(3)\/neu/sig/line__31  File: c:/users/matthew/documents/git/nn-project/ip_repo/mem_axi_1.0/src/sigmablock.vhd
Warning: NUMERIC_STD."=": metavalue detected, returning FALSE
Time: 4685 ns  Iteration: 5  Process: /user_app_tb/UUT/U_NN_WRAPPER/nn/neu/out_layer/\GEN2(0)\/neu/sig/line__31  File: c:/users/matthew/documents/git/nn-project/ip_repo/mem_axi_1.0/src/sigmablock.vhd
Warning: NUMERIC_STD."="