
*** Running vivado
    with args -log nn_axi_v1_0.vds -m64 -mode batch -messageDb vivado.pb -notrace -source nn_axi_v1_0.tcl


****** Vivado v2015.4 (64-bit)
  **** SW Build 1412921 on Wed Nov 18 09:44:32 MST 2015
  **** IP Build 1412160 on Tue Nov 17 13:47:24 MST 2015
    ** Copyright 1986-2015 Xilinx, Inc. All Rights Reserved.

source nn_axi_v1_0.tcl -notrace
Command: synth_design -top nn_axi_v1_0 -part xc7z020clg484-1
Starting synth_design
Attempting to get a license for feature 'Synthesis' and/or device 'xc7z020'
INFO: [Common 17-349] Got license for feature 'Synthesis' and/or device 'xc7z020'
INFO: Launching helper process for spawning children vivado processes
INFO: Helper process launched with PID 12744 
---------------------------------------------------------------------------------
Starting Synthesize : Time (s): cpu = 00:00:06 ; elapsed = 00:00:06 . Memory (MB): peak = 1004.926 ; gain = 160.766 ; free physical = 1543 ; free virtual = 12227
---------------------------------------------------------------------------------
INFO: [Synth 8-638] synthesizing module 'nn_axi_v1_0' [/home/nlandy/EEL4720-Neural-Network-Project_copy/nn_base/ip_repo/nn_axi_v4_1.0/src/nn_axi_v1_0.vhd:49]
	Parameter C_S00_AXI_DATA_WIDTH bound to: 32 - type: integer 
	Parameter C_S00_AXI_ADDR_WIDTH bound to: 20 - type: integer 
	Parameter C_S_AXI_DATA_WIDTH bound to: 32 - type: integer 
	Parameter C_S_AXI_ADDR_WIDTH bound to: 20 - type: integer 
INFO: [Synth 8-3491] module 'nn_axi_v1_0_S00_AXI' declared at '/home/nlandy/EEL4720-Neural-Network-Project_copy/nn_base/ip_repo/nn_axi_v4_1.0/src/nn_axi_v1_0_S00_AXI.vhd:5' bound to instance 'nn_axi_v1_0_S00_AXI_inst' of component 'nn_axi_v1_0_S00_AXI' [/home/nlandy/EEL4720-Neural-Network-Project_copy/nn_base/ip_repo/nn_axi_v4_1.0/src/nn_axi_v1_0.vhd:85]
INFO: [Synth 8-638] synthesizing module 'nn_axi_v1_0_S00_AXI' [/home/nlandy/EEL4720-Neural-Network-Project_copy/nn_base/ip_repo/nn_axi_v4_1.0/src/nn_axi_v1_0_S00_AXI.vhd:86]
	Parameter C_S_AXI_DATA_WIDTH bound to: 32 - type: integer 
	Parameter C_S_AXI_ADDR_WIDTH bound to: 20 - type: integer 
INFO: [Synth 8-3491] module 'user_app' declared at '/home/nlandy/EEL4720-Neural-Network-Project_copy/nn_base/ip_repo/nn_axi_v4_1.0/src/user_app.vhd:6' bound to instance 'U_USER_APP' of component 'user_app' [/home/nlandy/EEL4720-Neural-Network-Project_copy/nn_base/ip_repo/nn_axi_v4_1.0/src/nn_axi_v1_0_S00_AXI.vhd:333]
INFO: [Synth 8-638] synthesizing module 'user_app' [/home/nlandy/EEL4720-Neural-Network-Project_copy/nn_base/ip_repo/nn_axi_v4_1.0/src/user_app.vhd:21]
INFO: [Synth 8-638] synthesizing module 'mem_map' [/home/nlandy/EEL4720-Neural-Network-Project_copy/nn_base/ip_repo/nn_axi_v4_1.0/src/mem_map.vhd:35]
INFO: [Synth 8-256] done synthesizing module 'mem_map' (1#1) [/home/nlandy/EEL4720-Neural-Network-Project_copy/nn_base/ip_repo/nn_axi_v4_1.0/src/mem_map.vhd:35]
INFO: [Synth 8-638] synthesizing module 'ram_sync_read' [/home/nlandy/EEL4720-Neural-Network-Project_copy/nn_base/ip_repo/nn_axi_v4_1.0/src/ram.vhd:117]
	Parameter num_words bound to: 65536 - type: integer 
	Parameter word_width bound to: 16 - type: integer 
	Parameter addr_width bound to: 16 - type: integer 
INFO: [Synth 8-256] done synthesizing module 'ram_sync_read' (2#1) [/home/nlandy/EEL4720-Neural-Network-Project_copy/nn_base/ip_repo/nn_axi_v4_1.0/src/ram.vhd:117]
WARNING: [Synth 8-3848] Net output0 in module/entity user_app does not have driver. [/home/nlandy/EEL4720-Neural-Network-Project_copy/nn_base/ip_repo/nn_axi_v4_1.0/src/user_app.vhd:33]
WARNING: [Synth 8-3848] Net output1 in module/entity user_app does not have driver. [/home/nlandy/EEL4720-Neural-Network-Project_copy/nn_base/ip_repo/nn_axi_v4_1.0/src/user_app.vhd:33]
WARNING: [Synth 8-3848] Net output2 in module/entity user_app does not have driver. [/home/nlandy/EEL4720-Neural-Network-Project_copy/nn_base/ip_repo/nn_axi_v4_1.0/src/user_app.vhd:33]
WARNING: [Synth 8-3848] Net result in module/entity user_app does not have driver. [/home/nlandy/EEL4720-Neural-Network-Project_copy/nn_base/ip_repo/nn_axi_v4_1.0/src/user_app.vhd:29]
WARNING: [Synth 8-3848] Net done in module/entity user_app does not have driver. [/home/nlandy/EEL4720-Neural-Network-Project_copy/nn_base/ip_repo/nn_axi_v4_1.0/src/user_app.vhd:30]
INFO: [Synth 8-256] done synthesizing module 'user_app' (3#1) [/home/nlandy/EEL4720-Neural-Network-Project_copy/nn_base/ip_repo/nn_axi_v4_1.0/src/user_app.vhd:21]
INFO: [Synth 8-256] done synthesizing module 'nn_axi_v1_0_S00_AXI' (4#1) [/home/nlandy/EEL4720-Neural-Network-Project_copy/nn_base/ip_repo/nn_axi_v4_1.0/src/nn_axi_v1_0_S00_AXI.vhd:86]
INFO: [Synth 8-256] done synthesizing module 'nn_axi_v1_0' (5#1) [/home/nlandy/EEL4720-Neural-Network-Project_copy/nn_base/ip_repo/nn_axi_v4_1.0/src/nn_axi_v1_0.vhd:49]
---------------------------------------------------------------------------------
Finished Synthesize : Time (s): cpu = 00:00:08 ; elapsed = 00:00:08 . Memory (MB): peak = 1066.309 ; gain = 222.148 ; free physical = 1482 ; free virtual = 12166
---------------------------------------------------------------------------------
---------------------------------------------------------------------------------
Finished Constraint Validation : Time (s): cpu = 00:00:08 ; elapsed = 00:00:08 . Memory (MB): peak = 1066.309 ; gain = 222.148 ; free physical = 1482 ; free virtual = 12166
---------------------------------------------------------------------------------
---------------------------------------------------------------------------------
Start Loading Part and Timing Information
---------------------------------------------------------------------------------
Loading part: xc7z020clg484-1
---------------------------------------------------------------------------------
Finished Loading Part and Timing Information : Time (s): cpu = 00:00:08 ; elapsed = 00:00:08 . Memory (MB): peak = 1074.309 ; gain = 230.148 ; free physical = 1482 ; free virtual = 12166
---------------------------------------------------------------------------------
INFO: [Device 21-403] Loading part xc7z020clg484-1
WARNING: [Synth 8-327] inferring latch for variable 'go_epoch_reg' [/home/nlandy/EEL4720-Neural-Network-Project_copy/nn_base/ip_repo/nn_axi_v4_1.0/src/mem_map.vhd:46]
WARNING: [Synth 8-327] inferring latch for variable 'epoch_size_reg' [/home/nlandy/EEL4720-Neural-Network-Project_copy/nn_base/ip_repo/nn_axi_v4_1.0/src/mem_map.vhd:47]
---------------------------------------------------------------------------------
Finished RTL Optimization Phase 2 : Time (s): cpu = 00:00:09 ; elapsed = 00:00:09 . Memory (MB): peak = 1078.309 ; gain = 234.148 ; free physical = 1486 ; free virtual = 12170
---------------------------------------------------------------------------------

Report RTL Partitions: 
+-+--------------+------------+----------+
| |RTL Partition |Replication |Instances |
+-+--------------+------------+----------+
+-+--------------+------------+----------+
No constraint files found.
---------------------------------------------------------------------------------
Start RTL Component Statistics 
---------------------------------------------------------------------------------
Detailed RTL Component Info : 
+---Registers : 
	               32 Bit    Registers := 1     
	               20 Bit    Registers := 1     
	               16 Bit    Registers := 3     
	                2 Bit    Registers := 2     
	                1 Bit    Registers := 6     
+---RAMs : 
	            1024K Bit         RAMs := 1     
+---Muxes : 
	   2 Input     16 Bit        Muxes := 1     
	   4 Input     16 Bit        Muxes := 1     
	   2 Input      1 Bit        Muxes := 10    
	   4 Input      1 Bit        Muxes := 3     
---------------------------------------------------------------------------------
Finished RTL Component Statistics 
---------------------------------------------------------------------------------
---------------------------------------------------------------------------------
Start RTL Hierarchical Component Statistics 
---------------------------------------------------------------------------------
Hierarchical RTL Component report 
Module mem_map 
Detailed RTL Component Info : 
+---Registers : 
	               16 Bit    Registers := 2     
	                1 Bit    Registers := 1     
+---Muxes : 
	   2 Input     16 Bit        Muxes := 1     
	   4 Input     16 Bit        Muxes := 1     
	   2 Input      1 Bit        Muxes := 6     
	   4 Input      1 Bit        Muxes := 3     
Module ram_sync_read 
Detailed RTL Component Info : 
+---Registers : 
	               16 Bit    Registers := 1     
+---RAMs : 
	            1024K Bit         RAMs := 1     
Module nn_axi_v1_0_S00_AXI 
Detailed RTL Component Info : 
+---Registers : 
	               32 Bit    Registers := 1     
	               20 Bit    Registers := 1     
	                2 Bit    Registers := 2     
	                1 Bit    Registers := 5     
+---Muxes : 
	   2 Input      1 Bit        Muxes := 4     
---------------------------------------------------------------------------------
Finished RTL Hierarchical Component Statistics
---------------------------------------------------------------------------------
---------------------------------------------------------------------------------
Start Part Resource Summary
---------------------------------------------------------------------------------
Part Resources:
DSPs: 220 (col length:60)
BRAMs: 280 (col length: RAMB18 60 RAMB36 30)
---------------------------------------------------------------------------------
Finished Part Resource Summary
---------------------------------------------------------------------------------
Start Parallel Synthesis Optimization  : Time (s): cpu = 00:00:13 ; elapsed = 00:00:12 . Memory (MB): peak = 1166.984 ; gain = 322.824 ; free physical = 1401 ; free virtual = 12085
---------------------------------------------------------------------------------
Start Cross Boundary Optimization
---------------------------------------------------------------------------------
WARNING: [Synth 8-3917] design nn_axi_v1_0 has port s00_axi_rdata[31] driven by constant 0
WARNING: [Synth 8-3917] design nn_axi_v1_0 has port s00_axi_rdata[30] driven by constant 0
WARNING: [Synth 8-3917] design nn_axi_v1_0 has port s00_axi_rdata[29] driven by constant 0
WARNING: [Synth 8-3917] design nn_axi_v1_0 has port s00_axi_rdata[28] driven by constant 0
WARNING: [Synth 8-3917] design nn_axi_v1_0 has port s00_axi_rdata[27] driven by constant 0
WARNING: [Synth 8-3917] design nn_axi_v1_0 has port s00_axi_rdata[26] driven by constant 0
WARNING: [Synth 8-3917] design nn_axi_v1_0 has port s00_axi_rdata[25] driven by constant 0
WARNING: [Synth 8-3917] design nn_axi_v1_0 has port s00_axi_rdata[24] driven by constant 0
WARNING: [Synth 8-3917] design nn_axi_v1_0 has port s00_axi_rdata[23] driven by constant 0
WARNING: [Synth 8-3917] design nn_axi_v1_0 has port s00_axi_rdata[22] driven by constant 0
WARNING: [Synth 8-3917] design nn_axi_v1_0 has port s00_axi_rdata[21] driven by constant 0
WARNING: [Synth 8-3917] design nn_axi_v1_0 has port s00_axi_rdata[20] driven by constant 0
WARNING: [Synth 8-3917] design nn_axi_v1_0 has port s00_axi_rdata[19] driven by constant 0
WARNING: [Synth 8-3917] design nn_axi_v1_0 has port s00_axi_rdata[18] driven by constant 0
WARNING: [Synth 8-3917] design nn_axi_v1_0 has port s00_axi_rdata[17] driven by constant 0
WARNING: [Synth 8-3917] design nn_axi_v1_0 has port s00_axi_rdata[16] driven by constant 0
WARNING: [Synth 8-3331] design nn_axi_v1_0 has unconnected port s00_axi_awprot[2]
WARNING: [Synth 8-3331] design nn_axi_v1_0 has unconnected port s00_axi_awprot[1]
WARNING: [Synth 8-3331] design nn_axi_v1_0 has unconnected port s00_axi_awprot[0]
WARNING: [Synth 8-3331] design nn_axi_v1_0 has unconnected port s00_axi_wdata[31]
WARNING: [Synth 8-3331] design nn_axi_v1_0 has unconnected port s00_axi_wdata[30]
WARNING: [Synth 8-3331] design nn_axi_v1_0 has unconnected port s00_axi_wdata[29]
WARNING: [Synth 8-3331] design nn_axi_v1_0 has unconnected port s00_axi_wdata[28]
WARNING: [Synth 8-3331] design nn_axi_v1_0 has unconnected port s00_axi_wdata[27]
WARNING: [Synth 8-3331] design nn_axi_v1_0 has unconnected port s00_axi_wdata[26]
WARNING: [Synth 8-3331] design nn_axi_v1_0 has unconnected port s00_axi_wdata[25]
WARNING: [Synth 8-3331] design nn_axi_v1_0 has unconnected port s00_axi_wdata[24]
WARNING: [Synth 8-3331] design nn_axi_v1_0 has unconnected port s00_axi_wdata[23]
WARNING: [Synth 8-3331] design nn_axi_v1_0 has unconnected port s00_axi_wdata[22]
WARNING: [Synth 8-3331] design nn_axi_v1_0 has unconnected port s00_axi_wdata[21]
WARNING: [Synth 8-3331] design nn_axi_v1_0 has unconnected port s00_axi_wdata[20]
WARNING: [Synth 8-3331] design nn_axi_v1_0 has unconnected port s00_axi_wdata[19]
WARNING: [Synth 8-3331] design nn_axi_v1_0 has unconnected port s00_axi_wdata[18]
WARNING: [Synth 8-3331] design nn_axi_v1_0 has unconnected port s00_axi_wdata[17]
WARNING: [Synth 8-3331] design nn_axi_v1_0 has unconnected port s00_axi_wdata[16]
WARNING: [Synth 8-3331] design nn_axi_v1_0 has unconnected port s00_axi_wstrb[3]
WARNING: [Synth 8-3331] design nn_axi_v1_0 has unconnected port s00_axi_wstrb[2]
WARNING: [Synth 8-3331] design nn_axi_v1_0 has unconnected port s00_axi_wstrb[1]
WARNING: [Synth 8-3331] design nn_axi_v1_0 has unconnected port s00_axi_wstrb[0]
WARNING: [Synth 8-3331] design nn_axi_v1_0 has unconnected port s00_axi_araddr[1]
WARNING: [Synth 8-3331] design nn_axi_v1_0 has unconnected port s00_axi_araddr[0]
WARNING: [Synth 8-3331] design nn_axi_v1_0 has unconnected port s00_axi_arprot[2]
WARNING: [Synth 8-3331] design nn_axi_v1_0 has unconnected port s00_axi_arprot[1]
WARNING: [Synth 8-3331] design nn_axi_v1_0 has unconnected port s00_axi_arprot[0]
---------------------------------------------------------------------------------
Finished Cross Boundary Optimization : Time (s): cpu = 00:00:13 ; elapsed = 00:00:12 . Memory (MB): peak = 1174.984 ; gain = 330.824 ; free physical = 1395 ; free virtual = 12079
---------------------------------------------------------------------------------
Finished Parallel Reinference  : Time (s): cpu = 00:00:13 ; elapsed = 00:00:12 . Memory (MB): peak = 1174.984 ; gain = 330.824 ; free physical = 1395 ; free virtual = 12079

Report RTL Partitions: 
+-+--------------+------------+----------+
| |RTL Partition |Replication |Instances |
+-+--------------+------------+----------+
+-+--------------+------------+----------+
INFO: [Synth 8-4652] Swapped enable and write-enable on 16 RAM instances of RAM nn_axi_v1_0_S00_AXI_inst/U_USER_APP/U_MEMTEST/memory_reg to conserve power
---------------------------------------------------------------------------------
Start ROM, RAM, DSP and Shift Register Reporting
---------------------------------------------------------------------------------

Block RAM:
+------------+----------------------------------------------------------+------------------------+---+---+------------------------+---+---+--------------+--------+--------+-----------------------+
|Module Name | RTL Object                                               | PORT A (Depth x Width) | W | R | PORT B (Depth x Width) | W | R | OUT_REG      | RAMB18 | RAMB36 | Hierarchical Name     | 
+------------+----------------------------------------------------------+------------------------+---+---+------------------------+---+---+--------------+--------+--------+-----------------------+
|nn_axi_v1_0 | nn_axi_v1_0_S00_AXI_inst/U_USER_APP/U_MEMTEST/memory_reg | 64 K x 16(READ_FIRST)  | W |   | 64 K x 16(WRITE_FIRST) |   | R | Port A and B | 0      | 32     | nn_axi_v1_0/extram__2 | 
+------------+----------------------------------------------------------+------------------------+---+---+------------------------+---+---+--------------+--------+--------+-----------------------+

Note: The table above shows the Block RAMs at the current stage of the synthesis flow. Some Block RAMs may be reimplemented as non Block RAM primitives later in the synthesis flow. Multiple instantiated Block RAMs are reported only once. "Hierarchical Name" reflects the Block RAM name as it appears in the hierarchical module and only part of it is displayed.
---------------------------------------------------------------------------------
Finished ROM, RAM, DSP and Shift Register Reporting
---------------------------------------------------------------------------------
No constraint files found.
---------------------------------------------------------------------------------
Start Area Optimization
---------------------------------------------------------------------------------
INFO: [Synth 8-3886] merging instance '\nn_axi_v1_0_S00_AXI_inst/axi_rresp_reg[0] ' (FDRE) to '\nn_axi_v1_0_S00_AXI_inst/axi_rresp_reg[1] '
INFO: [Synth 8-3333] propagating constant 0 across sequential element (\nn_axi_v1_0_S00_AXI_inst/axi_rresp_reg[1] )
INFO: [Synth 8-3886] merging instance '\nn_axi_v1_0_S00_AXI_inst/axi_bresp_reg[0] ' (FDRE) to '\nn_axi_v1_0_S00_AXI_inst/axi_bresp_reg[1] '
INFO: [Synth 8-3333] propagating constant 0 across sequential element (\nn_axi_v1_0_S00_AXI_inst/axi_bresp_reg[1] )
WARNING: [Synth 8-3332] Sequential element (\nn_axi_v1_0_S00_AXI_inst/U_USER_APP/U_MEM_MAP/go_epoch_reg ) is unused and will be removed from module nn_axi_v1_0.
WARNING: [Synth 8-3332] Sequential element (\nn_axi_v1_0_S00_AXI_inst/U_USER_APP/U_MEM_MAP/epoch_size_reg[9] ) is unused and will be removed from module nn_axi_v1_0.
WARNING: [Synth 8-3332] Sequential element (\nn_axi_v1_0_S00_AXI_inst/U_USER_APP/U_MEM_MAP/epoch_size_reg[8] ) is unused and will be removed from module nn_axi_v1_0.
WARNING: [Synth 8-3332] Sequential element (\nn_axi_v1_0_S00_AXI_inst/U_USER_APP/U_MEM_MAP/epoch_size_reg[7] ) is unused and will be removed from module nn_axi_v1_0.
WARNING: [Synth 8-3332] Sequential element (\nn_axi_v1_0_S00_AXI_inst/U_USER_APP/U_MEM_MAP/epoch_size_reg[6] ) is unused and will be removed from module nn_axi_v1_0.
WARNING: [Synth 8-3332] Sequential element (\nn_axi_v1_0_S00_AXI_inst/U_USER_APP/U_MEM_MAP/epoch_size_reg[5] ) is unused and will be removed from module nn_axi_v1_0.
WARNING: [Synth 8-3332] Sequential element (\nn_axi_v1_0_S00_AXI_inst/U_USER_APP/U_MEM_MAP/epoch_size_reg[4] ) is unused and will be removed from module nn_axi_v1_0.
WARNING: [Synth 8-3332] Sequential element (\nn_axi_v1_0_S00_AXI_inst/U_USER_APP/U_MEM_MAP/epoch_size_reg[3] ) is unused and will be removed from module nn_axi_v1_0.
WARNING: [Synth 8-3332] Sequential element (\nn_axi_v1_0_S00_AXI_inst/U_USER_APP/U_MEM_MAP/epoch_size_reg[2] ) is unused and will be removed from module nn_axi_v1_0.
WARNING: [Synth 8-3332] Sequential element (\nn_axi_v1_0_S00_AXI_inst/U_USER_APP/U_MEM_MAP/epoch_size_reg[1] ) is unused and will be removed from module nn_axi_v1_0.
WARNING: [Synth 8-3332] Sequential element (\nn_axi_v1_0_S00_AXI_inst/U_USER_APP/U_MEM_MAP/epoch_size_reg[0] ) is unused and will be removed from module nn_axi_v1_0.
WARNING: [Synth 8-3332] Sequential element (\nn_axi_v1_0_S00_AXI_inst/axi_awaddr_reg[1] ) is unused and will be removed from module nn_axi_v1_0.
WARNING: [Synth 8-3332] Sequential element (\nn_axi_v1_0_S00_AXI_inst/axi_awaddr_reg[0] ) is unused and will be removed from module nn_axi_v1_0.
WARNING: [Synth 8-3332] Sequential element (\nn_axi_v1_0_S00_AXI_inst/axi_bresp_reg[1] ) is unused and will be removed from module nn_axi_v1_0.
WARNING: [Synth 8-3332] Sequential element (\nn_axi_v1_0_S00_AXI_inst/axi_bresp_reg[0] ) is unused and will be removed from module nn_axi_v1_0.
WARNING: [Synth 8-3332] Sequential element (\nn_axi_v1_0_S00_AXI_inst/axi_rresp_reg[1] ) is unused and will be removed from module nn_axi_v1_0.
WARNING: [Synth 8-3332] Sequential element (\nn_axi_v1_0_S00_AXI_inst/axi_rresp_reg[0] ) is unused and will be removed from module nn_axi_v1_0.
---------------------------------------------------------------------------------
Finished Area Optimization : Time (s): cpu = 00:00:13 ; elapsed = 00:00:13 . Memory (MB): peak = 1207.039 ; gain = 362.879 ; free physical = 1360 ; free virtual = 12044
---------------------------------------------------------------------------------
Finished Parallel Area Optimization  : Time (s): cpu = 00:00:13 ; elapsed = 00:00:13 . Memory (MB): peak = 1207.039 ; gain = 362.879 ; free physical = 1360 ; free virtual = 12044

Report RTL Partitions: 
+-+--------------+------------+----------+
| |RTL Partition |Replication |Instances |
+-+--------------+------------+----------+
+-+--------------+------------+----------+
---------------------------------------------------------------------------------
Start Timing Optimization
---------------------------------------------------------------------------------
No constraint files found.
---------------------------------------------------------------------------------
Finished Timing Optimization : Time (s): cpu = 00:00:13 ; elapsed = 00:00:13 . Memory (MB): peak = 1207.039 ; gain = 362.879 ; free physical = 1360 ; free virtual = 12044
---------------------------------------------------------------------------------

Report RTL Partitions: 
+-+--------------+------------+----------+
| |RTL Partition |Replication |Instances |
+-+--------------+------------+----------+
+-+--------------+------------+----------+
---------------------------------------------------------------------------------
Start Technology Mapping
---------------------------------------------------------------------------------
---------------------------------------------------------------------------------
Finished Technology Mapping : Time (s): cpu = 00:00:13 ; elapsed = 00:00:13 . Memory (MB): peak = 1207.039 ; gain = 362.879 ; free physical = 1360 ; free virtual = 12044
---------------------------------------------------------------------------------
Finished Parallel Technology Mapping Optimization  : Time (s): cpu = 00:00:13 ; elapsed = 00:00:13 . Memory (MB): peak = 1207.039 ; gain = 362.879 ; free physical = 1360 ; free virtual = 12044

Report RTL Partitions: 
+-+--------------+------------+----------+
| |RTL Partition |Replication |Instances |
+-+--------------+------------+----------+
+-+--------------+------------+----------+
Finished Parallel Synthesis Optimization  : Time (s): cpu = 00:00:13 ; elapsed = 00:00:13 . Memory (MB): peak = 1207.039 ; gain = 362.879 ; free physical = 1360 ; free virtual = 12044
---------------------------------------------------------------------------------
Start IO Insertion
---------------------------------------------------------------------------------
---------------------------------------------------------------------------------
Start Flattening Before IO Insertion
---------------------------------------------------------------------------------
---------------------------------------------------------------------------------
Finished Flattening Before IO Insertion
---------------------------------------------------------------------------------
---------------------------------------------------------------------------------
Start Final Netlist Cleanup
---------------------------------------------------------------------------------
---------------------------------------------------------------------------------
Finished Final Netlist Cleanup
---------------------------------------------------------------------------------
---------------------------------------------------------------------------------
Finished IO Insertion : Time (s): cpu = 00:00:14 ; elapsed = 00:00:14 . Memory (MB): peak = 1207.039 ; gain = 362.879 ; free physical = 1359 ; free virtual = 12043
---------------------------------------------------------------------------------

Report Check Netlist: 
+------+------------------+-------+---------+-------+------------------+
|      |Item              |Errors |Warnings |Status |Description       |
+------+------------------+-------+---------+-------+------------------+
|1     |multi_driven_nets |      0|        0|Passed |Multi driven nets |
+------+------------------+-------+---------+-------+------------------+
---------------------------------------------------------------------------------
Start Renaming Generated Instances
---------------------------------------------------------------------------------
---------------------------------------------------------------------------------
Finished Renaming Generated Instances : Time (s): cpu = 00:00:14 ; elapsed = 00:00:14 . Memory (MB): peak = 1207.039 ; gain = 362.879 ; free physical = 1359 ; free virtual = 12043
---------------------------------------------------------------------------------

Report RTL Partitions: 
+-+--------------+------------+----------+
| |RTL Partition |Replication |Instances |
+-+--------------+------------+----------+
+-+--------------+------------+----------+
---------------------------------------------------------------------------------
Start Rebuilding User Hierarchy
---------------------------------------------------------------------------------
---------------------------------------------------------------------------------
Finished Rebuilding User Hierarchy : Time (s): cpu = 00:00:14 ; elapsed = 00:00:14 . Memory (MB): peak = 1207.039 ; gain = 362.879 ; free physical = 1359 ; free virtual = 12043
---------------------------------------------------------------------------------
---------------------------------------------------------------------------------
Start Renaming Generated Ports
---------------------------------------------------------------------------------
---------------------------------------------------------------------------------
Finished Renaming Generated Ports : Time (s): cpu = 00:00:14 ; elapsed = 00:00:14 . Memory (MB): peak = 1207.039 ; gain = 362.879 ; free physical = 1359 ; free virtual = 12043
---------------------------------------------------------------------------------
---------------------------------------------------------------------------------
Start Handling Custom Attributes
---------------------------------------------------------------------------------
---------------------------------------------------------------------------------
Finished Handling Custom Attributes : Time (s): cpu = 00:00:14 ; elapsed = 00:00:14 . Memory (MB): peak = 1207.039 ; gain = 362.879 ; free physical = 1359 ; free virtual = 12043
---------------------------------------------------------------------------------
---------------------------------------------------------------------------------
Start Renaming Generated Nets
---------------------------------------------------------------------------------
---------------------------------------------------------------------------------
Finished Renaming Generated Nets : Time (s): cpu = 00:00:14 ; elapsed = 00:00:14 . Memory (MB): peak = 1207.039 ; gain = 362.879 ; free physical = 1359 ; free virtual = 12043
---------------------------------------------------------------------------------
---------------------------------------------------------------------------------
Start Writing Synthesis Report
---------------------------------------------------------------------------------

Report BlackBoxes: 
+-+--------------+----------+
| |BlackBox name |Instances |
+-+--------------+----------+
+-+--------------+----------+

Report Cell Usage: 
+------+---------+------+
|      |Cell     |Count |
+------+---------+------+
|1     |BUFG     |     1|
|2     |LUT1     |     1|
|3     |LUT2     |     2|
|4     |LUT3     |     7|
|5     |LUT4     |    10|
|6     |LUT5     |     6|
|7     |LUT6     |     7|
|8     |RAMB36E1 |    32|
|9     |FDRE     |    66|
|10    |IBUF     |    59|
|11    |OBUF     |    41|
+------+---------+------+

Report Instance Areas: 
+------+---------------------------+--------------------+------+
|      |Instance                   |Module              |Cells |
+------+---------------------------+--------------------+------+
|1     |top                        |                    |   232|
|2     |  nn_axi_v1_0_S00_AXI_inst |nn_axi_v1_0_S00_AXI |   131|
|3     |    U_USER_APP             |user_app            |    76|
|4     |      U_MEMTEST            |ram_sync_read       |    47|
|5     |      U_MEM_MAP            |mem_map             |    29|
+------+---------------------------+--------------------+------+
---------------------------------------------------------------------------------
Finished Writing Synthesis Report : Time (s): cpu = 00:00:14 ; elapsed = 00:00:14 . Memory (MB): peak = 1207.039 ; gain = 362.879 ; free physical = 1359 ; free virtual = 12043
---------------------------------------------------------------------------------
Synthesis finished with 0 errors, 0 critical warnings and 68 warnings.
Synthesis Optimization Runtime : Time (s): cpu = 00:00:12 ; elapsed = 00:00:12 . Memory (MB): peak = 1207.039 ; gain = 245.113 ; free physical = 1359 ; free virtual = 12043
Synthesis Optimization Complete : Time (s): cpu = 00:00:14 ; elapsed = 00:00:14 . Memory (MB): peak = 1207.039 ; gain = 362.879 ; free physical = 1359 ; free virtual = 12043
INFO: [Project 1-571] Translating synthesized netlist
INFO: [Netlist 29-17] Analyzing 91 Unisim elements for replacement
INFO: [Netlist 29-28] Unisim Transformation completed in 0 CPU seconds
INFO: [Project 1-570] Preparing netlist for logic optimization
INFO: [Opt 31-138] Pushed 0 inverter(s) to 0 load pin(s).
INFO: [Project 1-111] Unisim Transformation Summary:
No Unisim elements were transformed.

INFO: [Common 17-83] Releasing license: Synthesis
26 Infos, 68 Warnings, 0 Critical Warnings and 0 Errors encountered.
synth_design completed successfully
synth_design: Time (s): cpu = 00:00:14 ; elapsed = 00:00:13 . Memory (MB): peak = 1292.043 ; gain = 376.547 ; free physical = 1298 ; free virtual = 11983
report_utilization: Time (s): cpu = 00:00:00.08 ; elapsed = 00:00:00.10 . Memory (MB): peak = 1324.062 ; gain = 0.000 ; free physical = 1297 ; free virtual = 11981
INFO: [Common 17-206] Exiting Vivado at Tue Apr 18 01:33:51 2017...
