
*** Running vivado
    with args -log design_1_processing_system7_0_0.vds -m64 -product Vivado -mode batch -messageDb vivado.pb -notrace -source design_1_processing_system7_0_0.tcl

The system cannot find the file specified.

****** Vivado v2016.4 (64-bit)
  **** SW Build 1756540 on Mon Jan 23 19:11:23 MST 2017
  **** IP Build 1755317 on Mon Jan 23 20:30:07 MST 2017
    ** Copyright 1986-2016 Xilinx, Inc. All Rights Reserved.

source design_1_processing_system7_0_0.tcl -notrace
The system cannot find the file specified.
Starting RTL Elaboration : Time (s): cpu = 00:00:14 ; elapsed = 00:00:20 . Memory (MB): peak = 302.129 ; gain = 92.750
INFO: [Synth 8-638] synthesizing module 'design_1_processing_system7_0_0' [c:/NN-Project/nn_base/nn_base.srcs/sources_1/bd/design_1/ip/design_1_processing_system7_0_0/synth/design_1_processing_system7_0_0.v:60]
INFO: [Synth 8-638] synthesizing module 'processing_system7_v5_5_processing_system7' [c:/NN-Project/nn_base/nn_base.srcs/sources_1/bd/design_1/ip/design_1_processing_system7_0_0/hdl/verilog/processing_system7_v5_5_processing_system7.v:161]
INFO: [Synth 8-638] synthesizing module 'BUFG' [C:/Xilinx/Vivado/2016.4/scripts/rt/data/unisim_comp.v:607]
INFO: [Synth 8-256] done synthesizing module 'BUFG' (1#1) [C:/Xilinx/Vivado/2016.4/scripts/rt/data/unisim_comp.v:607]
INFO: [Synth 8-638] synthesizing module 'BIBUF' [C:/Xilinx/Vivado/2016.4/scripts/rt/data/unisim_comp.v:268]
INFO: [Synth 8-256] done synthesizing module 'BIBUF' (2#1) [C:/Xilinx/Vivado/2016.4/scripts/rt/data/unisim_comp.v:268]
INFO: [Synth 8-638] synthesizing module 'PS7' [C:/Xilinx/Vivado/2016.4/scripts/rt/data/unisim_comp.v:33182]
INFO: [Synth 8-256] done synthesizing module 'PS7' (3#1) [C:/Xilinx/Vivado/2016.4/scripts/rt/data/unisim_comp.v:33182]
INFO: [Synth 8-256] done synthesizing module 'processing_system7_v5_5_processing_system7' (4#1) [c:/NN-Project/nn_base/nn_base.srcs/sources_1/bd/design_1/ip/design_1_processing_system7_0_0/hdl/verilog/processing_system7_v5_5_processing_system7.v:161]
INFO: [Synth 8-256] done synthesizing module 'design_1_processing_system7_0_0' (5#1) [c:/NN-Project/nn_base/nn_base.srcs/sources_1/bd/design_1/ip/design_1_processing_system7_0_0/synth/design_1_processing_system7_0_0.v:60]
Finished RTL Elaboration : Time (s): cpu = 00:00:16 ; elapsed = 00:00:22 . Memory (MB): peak = 339.430 ; gain = 130.051
Finished RTL Optimization Phase 1 : Time (s): cpu = 00:00:16 ; elapsed = 00:00:22 . Memory (MB): peak = 339.430 ; gain = 130.051
INFO: [Device 21-403] Loading part xc7z020clg484-1
Constraint Validation Runtime : Time (s): cpu = 00:00:00 ; elapsed = 00:00:00.098 . Memory (MB): peak = 583.609 ; gain = 0.000
Finished Constraint Validation : Time (s): cpu = 00:00:36 ; elapsed = 00:00:47 . Memory (MB): peak = 583.609 ; gain = 374.230
Finished Loading Part and Timing Information : Time (s): cpu = 00:00:36 ; elapsed = 00:00:47 . Memory (MB): peak = 583.609 ; gain = 374.230
Finished applying 'set_property' XDC Constraints : Time (s): cpu = 00:00:37 ; elapsed = 00:00:48 . Memory (MB): peak = 583.609 ; gain = 374.230
Finished RTL Optimization Phase 2 : Time (s): cpu = 00:00:38 ; elapsed = 00:00:49 . Memory (MB): peak = 583.609 ; gain = 374.230
Finished Cross Boundary and Area Optimization : Time (s): cpu = 00:00:39 ; elapsed = 00:00:50 . Memory (MB): peak = 583.609 ; gain = 374.230
Finished Applying XDC Timing Constraints : Time (s): cpu = 00:00:59 ; elapsed = 00:01:12 . Memory (MB): peak = 784.617 ; gain = 575.238
Finished Timing Optimization : Time (s): cpu = 00:00:59 ; elapsed = 00:01:12 . Memory (MB): peak = 801.625 ; gain = 592.246
Finished Technology Mapping : Time (s): cpu = 00:01:01 ; elapsed = 00:01:15 . Memory (MB): peak = 806.051 ; gain = 596.672
Finished IO Insertion : Time (s): cpu = 00:01:04 ; elapsed = 00:01:18 . Memory (MB): peak = 806.051 ; gain = 596.672
Finished Renaming Generated Instances : Time (s): cpu = 00:01:04 ; elapsed = 00:01:18 . Memory (MB): peak = 806.051 ; gain = 596.672
Finished Rebuilding User Hierarchy : Time (s): cpu = 00:01:04 ; elapsed = 00:01:18 . Memory (MB): peak = 806.051 ; gain = 596.672
Finished Renaming Generated Ports : Time (s): cpu = 00:01:04 ; elapsed = 00:01:18 . Memory (MB): peak = 806.051 ; gain = 596.672
Finished Handling Custom Attributes : Time (s): cpu = 00:01:04 ; elapsed = 00:01:18 . Memory (MB): peak = 806.051 ; gain = 596.672
Finished Renaming Generated Nets : Time (s): cpu = 00:01:04 ; elapsed = 00:01:18 . Memory (MB): peak = 806.051 ; gain = 596.672

Report Cell Usage: 
+------+------+------+
|      |Cell  |Count |
+------+------+------+
|1     |BIBUF |   130|
|2     |BUFG  |     1|
|3     |LUT1  |   112|
|4     |PS7   |     1|
+------+------+------+
Finished Writing Synthesis Report : Time (s): cpu = 00:01:04 ; elapsed = 00:01:18 . Memory (MB): peak = 806.051 ; gain = 596.672
synth_design: Time (s): cpu = 00:01:04 ; elapsed = 00:01:15 . Memory (MB): peak = 828.359 ; gain = 604.867
